2023-08-30 11:26:26,493 DEBUG [WB_to_MX.lambda$run_gui_mode$0] Arguments: [-mx_timeout, -1, -pack, assets/MotorControlPack/MotorControl.zip, -exp, templates/wb-defines_where_and_what.txt, -ftl, templates/wb_ioc_template.ftl, -xdm, C:\Users\louib\.st_workbench\projects\Torque_Control\Torque_Control.wbdef, -ioc, C:\Users\louib\.st_workbench\projects\Torque_Control\Torque_Control.ioc]
2023-08-30 11:26:26,500 DEBUG [ArgsValue.lambda$retrieve$2] CLI_ARG[ftl]: templates/wb_ioc_template.ftl
2023-08-30 11:26:26,502 DEBUG [ArgsValue.lambda$retrieve$2] CLI_ARG[exp]: templates/wb-defines_where_and_what.txt
2023-08-30 11:26:26,503 DEBUG [ArgsValue.lambda$retrieve$2] CLI_ARG[xdm]: C:\Users\louib\.st_workbench\projects\Torque_Control\Torque_Control.wbdef
2023-08-30 11:26:26,504 DEBUG [ArgsValue.lambda$retrieve$2] CLI_ARG[ioc]: C:\Users\louib\.st_workbench\projects\Torque_Control\Torque_Control.ioc
2023-08-30 11:26:26,506 DEBUG [ArgsValue.lambda$retrieve$2] CLI_ARG[pack]: assets/MotorControlPack/MotorControl.zip
2023-08-30 11:26:26,507 DEBUG [ArgsValue.lambda$retrieve$2] CLI_ARG[mx_timeout]: -1
2023-08-30 11:26:26,508 DEBUG [ArgsValue.retrieve] {xdm=C:\Users\louib\.st_workbench\projects\Torque_Control\Torque_Control.wbdef, updftl=templates/wb_ioc_mc-middleware.ftl, mx_timeout=-1, exp=templates/wb-defines_where_and_what.txt, ioc=C:\Users\louib\.st_workbench\projects\Torque_Control\Torque_Control.ioc, pack=assets/MotorControlPack/MotorControl.zip, ftl=templates/wb_ioc_template.ftl}
2023-08-30 11:26:26,594 DEBUG [WB_to_MX.run] Targeted MCU family = F3
2023-08-30 11:26:26,609 DEBUG [WB_to_MX.run] Minimum associated CubeMx to the `6.0.0-a0` targeted MCU family is `F3`
2023-08-30 11:26:29,632 DEBUG [EnvironmentChecker.checkPack] STM32CubeMX.Version: 6.8.1-RC4
2023-08-30 11:26:29,644 DEBUG [RetrieveFirmwareVersion.from_zip] Trying to read Firmware version from zipped version Pack: C:\Program Files (x86)\STMicroelectronics\MC_SDK_6.1.2\Utilities\PC_Software\STMCWB\assets\MotorControlPack\MotorControl.zip
2023-08-30 11:26:29,697 DEBUG [RetrieveFirmwareVersion.minimum_supporte_version] minimum_supporte_version MotorControlFirmware.Version: 6.1.0-Full
2023-08-30 11:26:29,700 DEBUG [PackInfoFactory.deploy_MCPack_to_MxRepo] Deployment strategy class: VersionedFolderStyle_MCPackDeployer
2023-08-30 11:26:29,702 DEBUG [PackInfoFactory.deploy_MCPack_to_MxRepo] Expected MC Pack 6.1.2-Full already deployed
2023-08-30 11:26:29,732 DEBUG [DataSetUpdater.update] Updating data set
2023-08-30 11:26:29,734 DEBUG [DataSetUpdater.update] Update done
2023-08-30 11:26:29,735 INFO  [IocGenerator.logModulesVersionInfo] Version info: 
2023-08-30 11:26:29,754 INFO  [IocGenerator.logModulesVersionInfo]   MC Workbench       : 6.1.2
2023-08-30 11:26:29,755 INFO  [IocGenerator.logModulesVersionInfo]   WB_to_Mx           : 6.1.0.template-22-12-05
2023-08-30 11:26:29,756 INFO  [IocGenerator.logModulesVersionInfo]   STM32CubeMX        : 6.8.1
2023-08-30 11:26:29,757 INFO  [IocGenerator.logModulesVersionInfo]   MC Firmware Library: 6.1.2-Full
2023-08-30 11:26:29,758 INFO  [IocGenerator.logModulesVersionInfo] 
Generation options: 
2023-08-30 11:26:29,758 INFO  [IocGenerator.logModulesVersionInfo]   Target Toolchain   : ST STM32CubeIDE
2023-08-30 11:26:29,760 INFO  [IocGenerator.logModulesVersionInfo]   Target Driver      : HAL - Hardware Abstraction Layer
2023-08-30 11:26:29,761 INFO  [IocGenerator.logModulesVersionInfo]   Target STM32 FW    : 1.11.4

2023-08-30 11:26:29,764 DEBUG [IocGenerator.process] C:\Users\louib\.st_workbench\projects\Torque_Control\Torque_Control.ioc ioc file: Generating
2023-08-30 11:26:29,765 DEBUG [IocGenerator.createOutput] Generating file from template templates\wb_ioc_template.ftl
2023-08-30 11:26:30,762 DEBUG [IocGenerator.process] ioc file C:\Users\louib\.st_workbench\projects\Torque_Control\Torque_Control.ioc Generated
2023-08-30 11:26:30,769 INFO  [LineInfo_to_exitCode.log_LineInfo] C:\Users\louib\.st_workbench\projects\Torque_Control\Torque_Control.ioc ioc: Generated
2023-08-30 11:26:30,809 INFO  [Wb2MxProcess.lambda$create_extSettings_file_in$82c805cd$1] Generated C:\Users\louib\.st_workbench\projects\Torque_Control\.extSettings
2023-08-30 11:26:30,818 INFO  [Wb2MxProcess.lambda$run$$12] 
Started STM32CubeMX for final c-code generation
2023-08-30 11:26:30,835 DEBUG [CubeMxRunner.create_code_generation_script_for] Generated CubeMx script file: C:\Users\louib\AppData\Local\Temp\WB_to_Mx-torquecontrol-4177972637306943845.script
2023-08-30 11:26:32,283 DEBUG [LineInfo_to_exitCode.log_LineInfo] 2023-08-30 11:26:32,277 [INFO] MicroXplorer:98 - [MX] MX Start == 667143477244200
2023-08-30 11:26:32,284 DEBUG [LineInfo_to_exitCode.log_LineInfo] 2023-08-30 11:26:32,284 [INFO] MicroXplorer:653 - Detected Java Version = 11.0.17
2023-08-30 11:26:32,302 DEBUG [LineInfo_to_exitCode.log_LineInfo] 2023-08-30 11:26:32,301 [INFO] ApplicationProperties:184 - Using Application install path: C:\Program Files\STMicroelectronics\STM32Cube\STM32CubeMX
2023-08-30 11:26:32,332 DEBUG [LineInfo_to_exitCode.log_LineInfo] 2023-08-30 11:26:32,331 [INFO] DbMcusXml:78 - Set database path to: C:\Program Files\STMicroelectronics\STM32Cube\STM32CubeMX\\db\/mcu/
2023-08-30 11:26:32,333 DEBUG [LineInfo_to_exitCode.log_LineInfo] 2023-08-30 11:26:32,333 [INFO] ApiDb:274 - Set plugin database path to: C:\Program Files\STMicroelectronics\STM32Cube\STM32CubeMX\\db\/plugins/boardmanager/
2023-08-30 11:26:32,348 DEBUG [LineInfo_to_exitCode.log_LineInfo] 2023-08-30 11:26:32,347 [INFO] McuFinderGlobals:53 - Set McuFinder mode to 1 (CubeMX integrated)
2023-08-30 11:26:32,400 DEBUG [LineInfo_to_exitCode.log_LineInfo] 2023-08-30 11:26:32,399 [INFO] ApiDb:250 - Set database path to: C:\Users\louib\.stmcufinder\plugins\mcufinder//mcu/
2023-08-30 11:26:32,405 DEBUG [LineInfo_to_exitCode.log_LineInfo] 2023-08-30 11:26:32,404 [INFO] DbMcusAds:125 - Set database path to: C:\Users\louib\.stmcufinder\plugins\mcufinder//mcu/
2023-08-30 11:26:32,418 DEBUG [LineInfo_to_exitCode.log_LineInfo] 2023-08-30 11:26:32,417 [INFO] CrossReferenceDbSqlite:203 - Set database path to: C:\Users\louib\.stmcufinder\plugins\mcufinder//mcu/cs/
2023-08-30 11:26:32,680 DEBUG [LineInfo_to_exitCode.log_LineInfo] 2023-08-30 11:26:32,680 [INFO] RulesReader:64 - Compatibility file has been processed (293 Rules)
2023-08-30 11:26:32,757 DEBUG [LineInfo_to_exitCode.log_LineInfo] 2023-08-30 11:26:32,756 [INFO] STM32CubeMX:60 - Starting STM32CubeMX
2023-08-30 11:26:33,417 DEBUG [LineInfo_to_exitCode.log_LineInfo] 2023-08-30 11:26:33,417 [INFO] MainPanel:253 - HeapMemory: 266338304
2023-08-30 11:26:33,650 DEBUG [LineInfo_to_exitCode.log_LineInfo] 2023-08-30 11:26:33,649 [INFO] DbMcusXml:78 - Set database path to: C:\Program Files\STMicroelectronics\STM32Cube\STM32CubeMX\\db\/mcu/
2023-08-30 11:26:33,650 DEBUG [LineInfo_to_exitCode.log_LineInfo] 2023-08-30 11:26:33,650 [INFO] ApiDb:274 - Set plugin database path to: C:\Program Files\STMicroelectronics\STM32Cube\STM32CubeMX\\db\/plugins/boardmanager/
2023-08-30 11:26:33,650 DEBUG [LineInfo_to_exitCode.log_LineInfo] 2023-08-30 11:26:33,650 [INFO] ApiDb:261 - Set plugin images path to: C:\Program Files\STMicroelectronics\STM32Cube\STM32CubeMX\\db\/plugins/mcufinder/images/
2023-08-30 11:26:33,651 DEBUG [LineInfo_to_exitCode.log_LineInfo] 2023-08-30 11:26:33,651 [INFO] ApiDb:250 - Set database path to: C:\Users\louib\.stmcufinder\plugins\mcufinder//mcu/
2023-08-30 11:26:33,652 DEBUG [LineInfo_to_exitCode.log_LineInfo] 2023-08-30 11:26:33,652 [INFO] DbMcusAds:125 - Set database path to: C:\Users\louib\.stmcufinder\plugins\mcufinder//mcu/
2023-08-30 11:26:33,654 DEBUG [LineInfo_to_exitCode.log_LineInfo] 2023-08-30 11:26:33,653 [INFO] CrossReferenceDbSqlite:203 - Set database path to: C:\Users\louib\.stmcufinder\plugins\mcufinder//mcu/cs/
2023-08-30 11:26:33,681 DEBUG [LineInfo_to_exitCode.log_LineInfo] 2023-08-30 11:26:33,681 [INFO] ApplicationProperties:184 - Using Application install path: C:\Program Files\STMicroelectronics\STM32Cube\STM32CubeMX
2023-08-30 11:26:33,684 DEBUG [LineInfo_to_exitCode.log_LineInfo] 2023-08-30 11:26:33,684 [INFO] PluginManage:196 - Search for loadable plugins [exclusion list=, ]
2023-08-30 11:26:33,688 DEBUG [LineInfo_to_exitCode.log_LineInfo] 2023-08-30 11:26:33,687 [INFO] PluginManage:310 - Check plugin analytics
2023-08-30 11:26:34,163 DEBUG [LineInfo_to_exitCode.log_LineInfo] 2023-08-30 11:26:34,163 [INFO] AnalyticsPlugin:253 - Accepted Software Licenses: 
2023-08-30 11:26:34,164 DEBUG [LineInfo_to_exitCode.log_LineInfo] 2023-08-30 11:26:34,163 [INFO] AnalyticsPlugin:255 - Accepted CMSIS Pack Licenses: 
2023-08-30 11:26:34,164 DEBUG [LineInfo_to_exitCode.log_LineInfo] 2023-08-30 11:26:34,164 [INFO] AnalyticsPlugin:257 - Accepted Firmware Licenses: 
2023-08-30 11:26:34,177 DEBUG [LineInfo_to_exitCode.log_LineInfo] 2023-08-30 11:26:34,176 [INFO] PluginManage:359 - Loaded plugin analytics (category:tool,tabindex:-1)
2023-08-30 11:26:34,179 DEBUG [LineInfo_to_exitCode.log_LineInfo] 2023-08-30 11:26:34,178 [INFO] PluginManage:310 - Check plugin cadmodel
2023-08-30 11:26:34,222 DEBUG [LineInfo_to_exitCode.log_LineInfo] 2023-08-30 11:26:34,222 [INFO] CADModel:105 - Init CAD model plugin
2023-08-30 11:26:34,223 DEBUG [LineInfo_to_exitCode.log_LineInfo] 2023-08-30 11:26:34,222 [INFO] PluginManage:359 - Loaded plugin cadmodel (category:power,tabindex:5)
2023-08-30 11:26:34,224 DEBUG [LineInfo_to_exitCode.log_LineInfo] 2023-08-30 11:26:34,222 [INFO] PluginManage:310 - Check plugin clock
2023-08-30 11:26:34,239 DEBUG [LineInfo_to_exitCode.log_LineInfo] 2023-08-30 11:26:34,239 [INFO] PluginManage:359 - Loaded plugin clock (category:base,tabindex:2)
2023-08-30 11:26:34,241 DEBUG [LineInfo_to_exitCode.log_LineInfo] 2023-08-30 11:26:34,239 [INFO] PluginManage:310 - Check plugin ddr
2023-08-30 11:26:34,250 DEBUG [LineInfo_to_exitCode.log_LineInfo] 2023-08-30 11:26:34,250 [INFO] PluginManage:359 - Loaded plugin ddr (category:tool,tabindex:6)
2023-08-30 11:26:34,251 DEBUG [LineInfo_to_exitCode.log_LineInfo] 2023-08-30 11:26:34,250 [INFO] PluginManage:310 - Check plugin filemanager
2023-08-30 11:26:34,417 DEBUG [LineInfo_to_exitCode.log_LineInfo] 2023-08-30 11:26:34,417 [INFO] PluginManage:359 - Loaded plugin filemanager (category:base,tabindex:10)
2023-08-30 11:26:34,418 DEBUG [LineInfo_to_exitCode.log_LineInfo] 2023-08-30 11:26:34,417 [INFO] PluginManage:310 - Check plugin ipmanager
2023-08-30 11:26:34,435 DEBUG [LineInfo_to_exitCode.log_LineInfo] 2023-08-30 11:26:34,434 [INFO] PluginManage:359 - Loaded plugin ipmanager (category:base,tabindex:5)
2023-08-30 11:26:34,435 DEBUG [LineInfo_to_exitCode.log_LineInfo] 2023-08-30 11:26:34,435 [INFO] PluginManage:310 - Check plugin lpbam
2023-08-30 11:26:34,450 DEBUG [LineInfo_to_exitCode.log_LineInfo] 2023-08-30 11:26:34,450 [INFO] PluginManage:359 - Loaded plugin lpbam (category:base,tabindex:0)
2023-08-30 11:26:34,450 DEBUG [LineInfo_to_exitCode.log_LineInfo] 2023-08-30 11:26:34,450 [INFO] PluginManage:310 - Check plugin pinoutandconfiguration
2023-08-30 11:26:34,465 DEBUG [LineInfo_to_exitCode.log_LineInfo] 2023-08-30 11:26:34,465 [INFO] PluginManage:359 - Loaded plugin pinoutandconfiguration (category:base,tabindex:1)
2023-08-30 11:26:34,466 DEBUG [LineInfo_to_exitCode.log_LineInfo] 2023-08-30 11:26:34,465 [INFO] PluginManage:310 - Check plugin pinoutconfig
2023-08-30 11:26:34,813 DEBUG [LineInfo_to_exitCode.log_LineInfo] 2023-08-30 11:26:34,812 [INFO] PluginManage:359 - Loaded plugin pinoutconfig (category:base,tabindex:0)
2023-08-30 11:26:34,814 DEBUG [LineInfo_to_exitCode.log_LineInfo] 2023-08-30 11:26:34,813 [INFO] PluginManage:310 - Check plugin power
2023-08-30 11:26:34,843 DEBUG [LineInfo_to_exitCode.log_LineInfo] 2023-08-30 11:26:34,843 [INFO] PluginManage:359 - Loaded plugin power (category:power,tabindex:4)
2023-08-30 11:26:34,844 DEBUG [LineInfo_to_exitCode.log_LineInfo] 2023-08-30 11:26:34,843 [INFO] PluginManage:310 - Check plugin projectmanager
2023-08-30 11:26:34,972 DEBUG [LineInfo_to_exitCode.log_LineInfo] 2023-08-30 11:26:34,971 [INFO] PluginManage:359 - Loaded plugin projectmanager (category:projectmanager,tabindex:3)
2023-08-30 11:26:34,972 DEBUG [LineInfo_to_exitCode.log_LineInfo] 2023-08-30 11:26:34,972 [INFO] PluginManage:310 - Check plugin thirdparty
2023-08-30 11:26:35,206 DEBUG [LineInfo_to_exitCode.log_LineInfo] 2023-08-30 11:26:35,206 [INFO] PluginManage:359 - Loaded plugin thirdparty (category:base,tabindex:-1)
2023-08-30 11:26:35,208 DEBUG [LineInfo_to_exitCode.log_LineInfo] 2023-08-30 11:26:35,206 [INFO] PluginManage:310 - Check plugin tools
2023-08-30 11:26:35,209 DEBUG [LineInfo_to_exitCode.log_LineInfo] 2023-08-30 11:26:35,208 [INFO] IntegrityCheckThread:86 - entering critical section [integrity check]
2023-08-30 11:26:35,214 DEBUG [LineInfo_to_exitCode.log_LineInfo] 2023-08-30 11:26:35,213 [INFO] PluginManage:359 - Loaded plugin tools (category:base,tabindex:7)
2023-08-30 11:26:35,214 DEBUG [LineInfo_to_exitCode.log_LineInfo] 2023-08-30 11:26:35,213 [INFO] PluginManage:310 - Check plugin tutovideos
2023-08-30 11:26:35,215 DEBUG [LineInfo_to_exitCode.log_LineInfo] 2023-08-30 11:26:35,214 [INFO] ThirdPartyUpdaterWithRetryManager:70 - Updater plugin not ready yet. [1/15]
2023-08-30 11:26:35,486 DEBUG [LineInfo_to_exitCode.log_LineInfo] 2023-08-30 11:26:35,486 [INFO] PluginManage:359 - Loaded plugin tutovideos (category:base,tabindex:-1)
2023-08-30 11:26:35,488 DEBUG [LineInfo_to_exitCode.log_LineInfo] 2023-08-30 11:26:35,487 [INFO] PluginManage:310 - Check plugin updater
2023-08-30 11:26:35,522 DEBUG [LineInfo_to_exitCode.log_LineInfo] 2023-08-30 11:26:35,521 [INFO] PluginManage:359 - Loaded plugin updater (category:base,tabindex:12)
2023-08-30 11:26:35,522 DEBUG [LineInfo_to_exitCode.log_LineInfo] 2023-08-30 11:26:35,522 [INFO] PluginManage:283 - PluginManage : Loaded plugins [15]
2023-08-30 11:26:36,388 DEBUG [LineInfo_to_exitCode.log_LineInfo] 2023-08-30 11:26:36,388 [INFO] PinOutPanel:1499 - setPackage(No Configuration,No Configuration)
2023-08-30 11:26:36,508 DEBUG [LineInfo_to_exitCode.log_LineInfo] 2023-08-30 11:26:36,507 [INFO] CADModel:165 - CPN selected for project level
2023-08-30 11:26:36,509 DEBUG [LineInfo_to_exitCode.log_LineInfo] 2023-08-30 11:26:36,508 [INFO] CADModel:114 - Register for checkConnection events
2023-08-30 11:26:36,528 DEBUG [LineInfo_to_exitCode.log_LineInfo] 2023-08-30 11:26:36,528 [INFO] IPUIPlugin:80 - create IPUIPlugin
2023-08-30 11:26:36,529 DEBUG [LineInfo_to_exitCode.log_LineInfo] 2023-08-30 11:26:36,529 [INFO] PluginManager:220 - loadIPPluginJar : add adc
2023-08-30 11:26:36,533 DEBUG [LineInfo_to_exitCode.log_LineInfo] 2023-08-30 11:26:36,533 [INFO] IPUIPlugin:80 - create IPUIPlugin
2023-08-30 11:26:36,534 DEBUG [LineInfo_to_exitCode.log_LineInfo] 2023-08-30 11:26:36,533 [INFO] PluginManager:220 - loadIPPluginJar : add aes
2023-08-30 11:26:36,538 DEBUG [LineInfo_to_exitCode.log_LineInfo] 2023-08-30 11:26:36,537 [INFO] IPUIPlugin:80 - create IPUIPlugin
2023-08-30 11:26:36,538 DEBUG [LineInfo_to_exitCode.log_LineInfo] 2023-08-30 11:26:36,538 [INFO] PluginManager:220 - loadIPPluginJar : add can
2023-08-30 11:26:36,542 DEBUG [LineInfo_to_exitCode.log_LineInfo] 2023-08-30 11:26:36,541 [INFO] IPUIPlugin:80 - create IPUIPlugin
2023-08-30 11:26:36,542 DEBUG [LineInfo_to_exitCode.log_LineInfo] 2023-08-30 11:26:36,541 [INFO] PluginManager:220 - loadIPPluginJar : add comp
2023-08-30 11:26:36,546 DEBUG [LineInfo_to_exitCode.log_LineInfo] 2023-08-30 11:26:36,546 [INFO] IPUIPlugin:80 - create IPUIPlugin
2023-08-30 11:26:36,546 DEBUG [LineInfo_to_exitCode.log_LineInfo] 2023-08-30 11:26:36,546 [INFO] PluginManager:220 - loadIPPluginJar : add cryp
2023-08-30 11:26:36,555 DEBUG [LineInfo_to_exitCode.log_LineInfo] 2023-08-30 11:26:36,555 [INFO] IPUIPlugin:80 - create IPUIPlugin
2023-08-30 11:26:36,555 DEBUG [LineInfo_to_exitCode.log_LineInfo] 2023-08-30 11:26:36,555 [INFO] PluginManager:220 - loadIPPluginJar : add dfsdm
2023-08-30 11:26:36,565 DEBUG [LineInfo_to_exitCode.log_LineInfo] 2023-08-30 11:26:36,565 [INFO] IPUIPlugin:80 - create IPUIPlugin
2023-08-30 11:26:36,567 DEBUG [LineInfo_to_exitCode.log_LineInfo] 2023-08-30 11:26:36,566 [INFO] PluginManager:220 - loadIPPluginJar : add dma
2023-08-30 11:26:36,573 DEBUG [LineInfo_to_exitCode.log_LineInfo] 2023-08-30 11:26:36,573 [INFO] IPUIPlugin:80 - create IPUIPlugin
2023-08-30 11:26:36,575 DEBUG [LineInfo_to_exitCode.log_LineInfo] 2023-08-30 11:26:36,573 [INFO] PluginManager:220 - loadIPPluginJar : add dma3
2023-08-30 11:26:36,580 DEBUG [LineInfo_to_exitCode.log_LineInfo] 2023-08-30 11:26:36,579 [INFO] IPUIPlugin:80 - create IPUIPlugin
2023-08-30 11:26:36,580 DEBUG [LineInfo_to_exitCode.log_LineInfo] 2023-08-30 11:26:36,580 [INFO] PluginManager:220 - loadIPPluginJar : add fatfs
2023-08-30 11:26:36,594 DEBUG [LineInfo_to_exitCode.log_LineInfo] 2023-08-30 11:26:36,593 [INFO] IPUIPlugin:80 - create IPUIPlugin
2023-08-30 11:26:36,595 DEBUG [LineInfo_to_exitCode.log_LineInfo] 2023-08-30 11:26:36,594 [INFO] PluginManager:220 - loadIPPluginJar : add fmc
2023-08-30 11:26:36,605 DEBUG [LineInfo_to_exitCode.log_LineInfo] 2023-08-30 11:26:36,605 [INFO] IPUIPlugin:80 - create IPUIPlugin
2023-08-30 11:26:36,605 DEBUG [LineInfo_to_exitCode.log_LineInfo] 2023-08-30 11:26:36,605 [INFO] PluginManager:220 - loadIPPluginJar : add freertos
2023-08-30 11:26:36,609 DEBUG [LineInfo_to_exitCode.log_LineInfo] 2023-08-30 11:26:36,609 [INFO] IPUIPlugin:80 - create IPUIPlugin
2023-08-30 11:26:36,610 DEBUG [LineInfo_to_exitCode.log_LineInfo] 2023-08-30 11:26:36,609 [INFO] PluginManager:220 - loadIPPluginJar : add genericplugin
2023-08-30 11:26:36,614 DEBUG [LineInfo_to_exitCode.log_LineInfo] 2023-08-30 11:26:36,614 [INFO] IPUIPlugin:80 - create IPUIPlugin
2023-08-30 11:26:36,615 DEBUG [LineInfo_to_exitCode.log_LineInfo] 2023-08-30 11:26:36,614 [INFO] PluginManager:220 - loadIPPluginJar : add gfxmmu
2023-08-30 11:26:36,622 DEBUG [LineInfo_to_exitCode.log_LineInfo] 2023-08-30 11:26:36,622 [INFO] IPUIPlugin:80 - create IPUIPlugin
2023-08-30 11:26:36,623 DEBUG [LineInfo_to_exitCode.log_LineInfo] 2023-08-30 11:26:36,622 [INFO] PluginManager:220 - loadIPPluginJar : add gic
2023-08-30 11:26:36,634 DEBUG [LineInfo_to_exitCode.log_LineInfo] 2023-08-30 11:26:36,633 [INFO] IPUIPlugin:80 - create IPUIPlugin
2023-08-30 11:26:36,634 DEBUG [LineInfo_to_exitCode.log_LineInfo] 2023-08-30 11:26:36,634 [INFO] PluginManager:220 - loadIPPluginJar : add gpio
2023-08-30 11:26:36,638 DEBUG [LineInfo_to_exitCode.log_LineInfo] 2023-08-30 11:26:36,637 [INFO] IPUIPlugin:80 - create IPUIPlugin
2023-08-30 11:26:36,638 DEBUG [LineInfo_to_exitCode.log_LineInfo] 2023-08-30 11:26:36,638 [INFO] PluginManager:220 - loadIPPluginJar : add gtzc
2023-08-30 11:26:36,642 DEBUG [LineInfo_to_exitCode.log_LineInfo] 2023-08-30 11:26:36,642 [INFO] IPUIPlugin:80 - create IPUIPlugin
2023-08-30 11:26:36,643 DEBUG [LineInfo_to_exitCode.log_LineInfo] 2023-08-30 11:26:36,642 [INFO] PluginManager:220 - loadIPPluginJar : add hash
2023-08-30 11:26:36,646 DEBUG [LineInfo_to_exitCode.log_LineInfo] 2023-08-30 11:26:36,646 [INFO] IPUIPlugin:80 - create IPUIPlugin
2023-08-30 11:26:36,647 DEBUG [LineInfo_to_exitCode.log_LineInfo] 2023-08-30 11:26:36,646 [INFO] PluginManager:220 - loadIPPluginJar : add i2c
2023-08-30 11:26:36,651 DEBUG [LineInfo_to_exitCode.log_LineInfo] 2023-08-30 11:26:36,650 [INFO] IPUIPlugin:80 - create IPUIPlugin
2023-08-30 11:26:36,651 DEBUG [LineInfo_to_exitCode.log_LineInfo] 2023-08-30 11:26:36,650 [INFO] PluginManager:220 - loadIPPluginJar : add i2s
2023-08-30 11:26:36,655 DEBUG [LineInfo_to_exitCode.log_LineInfo] 2023-08-30 11:26:36,654 [INFO] IPUIPlugin:80 - create IPUIPlugin
2023-08-30 11:26:36,655 DEBUG [LineInfo_to_exitCode.log_LineInfo] 2023-08-30 11:26:36,655 [INFO] PluginManager:220 - loadIPPluginJar : add i3c
2023-08-30 11:26:36,661 DEBUG [LineInfo_to_exitCode.log_LineInfo] 2023-08-30 11:26:36,661 [INFO] IPUIPlugin:80 - create IPUIPlugin
2023-08-30 11:26:36,662 DEBUG [LineInfo_to_exitCode.log_LineInfo] 2023-08-30 11:26:36,661 [INFO] PluginManager:220 - loadIPPluginJar : add ipddr
2023-08-30 11:26:36,672 DEBUG [LineInfo_to_exitCode.log_LineInfo] 2023-08-30 11:26:36,671 [INFO] IPUIPlugin:80 - create IPUIPlugin
2023-08-30 11:26:36,672 DEBUG [LineInfo_to_exitCode.log_LineInfo] 2023-08-30 11:26:36,672 [INFO] PluginManager:220 - loadIPPluginJar : add linkedlist
2023-08-30 11:26:36,676 DEBUG [LineInfo_to_exitCode.log_LineInfo] 2023-08-30 11:26:36,676 [INFO] IPUIPlugin:80 - create IPUIPlugin
2023-08-30 11:26:36,677 DEBUG [LineInfo_to_exitCode.log_LineInfo] 2023-08-30 11:26:36,676 [INFO] PluginManager:220 - loadIPPluginJar : add lorawan
2023-08-30 11:26:36,680 DEBUG [LineInfo_to_exitCode.log_LineInfo] 2023-08-30 11:26:36,680 [INFO] IPUIPlugin:80 - create IPUIPlugin
2023-08-30 11:26:36,680 DEBUG [LineInfo_to_exitCode.log_LineInfo] 2023-08-30 11:26:36,680 [INFO] PluginManager:220 - loadIPPluginJar : add ltdc
2023-08-30 11:26:36,687 DEBUG [LineInfo_to_exitCode.log_LineInfo] 2023-08-30 11:26:36,687 [INFO] IPUIPlugin:80 - create IPUIPlugin
2023-08-30 11:26:36,688 DEBUG [LineInfo_to_exitCode.log_LineInfo] 2023-08-30 11:26:36,688 [INFO] PluginManager:220 - loadIPPluginJar : add mdma
2023-08-30 11:26:36,693 DEBUG [LineInfo_to_exitCode.log_LineInfo] 2023-08-30 11:26:36,693 [INFO] IPUIPlugin:80 - create IPUIPlugin
2023-08-30 11:26:36,693 DEBUG [LineInfo_to_exitCode.log_LineInfo] 2023-08-30 11:26:36,693 [INFO] PluginManager:220 - loadIPPluginJar : add nvic
2023-08-30 11:26:36,697 DEBUG [LineInfo_to_exitCode.log_LineInfo] 2023-08-30 11:26:36,697 [INFO] IPUIPlugin:80 - create IPUIPlugin
2023-08-30 11:26:36,698 DEBUG [LineInfo_to_exitCode.log_LineInfo] 2023-08-30 11:26:36,697 [INFO] PluginManager:220 - loadIPPluginJar : add opamp
2023-08-30 11:26:36,705 DEBUG [LineInfo_to_exitCode.log_LineInfo] 2023-08-30 11:26:36,705 [INFO] IPUIPlugin:80 - create IPUIPlugin
2023-08-30 11:26:36,706 DEBUG [LineInfo_to_exitCode.log_LineInfo] 2023-08-30 11:26:36,705 [INFO] PluginManager:220 - loadIPPluginJar : add openamp
2023-08-30 11:26:36,712 DEBUG [LineInfo_to_exitCode.log_LineInfo] 2023-08-30 11:26:36,711 [INFO] IPUIPlugin:80 - create IPUIPlugin
2023-08-30 11:26:36,712 DEBUG [LineInfo_to_exitCode.log_LineInfo] 2023-08-30 11:26:36,712 [INFO] PluginManager:220 - loadIPPluginJar : add pdm2pcm
2023-08-30 11:26:36,721 DEBUG [LineInfo_to_exitCode.log_LineInfo] 2023-08-30 11:26:36,720 [INFO] IPUIPlugin:80 - create IPUIPlugin
2023-08-30 11:26:36,727 DEBUG [LineInfo_to_exitCode.log_LineInfo] 2023-08-30 11:26:36,727 [INFO] PluginManager:220 - loadIPPluginJar : add plateformsettings
2023-08-30 11:26:36,733 DEBUG [LineInfo_to_exitCode.log_LineInfo] 2023-08-30 11:26:36,732 [INFO] IPUIPlugin:80 - create IPUIPlugin
2023-08-30 11:26:36,734 DEBUG [LineInfo_to_exitCode.log_LineInfo] 2023-08-30 11:26:36,733 [INFO] PluginManager:220 - loadIPPluginJar : add quadspi
2023-08-30 11:26:36,740 DEBUG [LineInfo_to_exitCode.log_LineInfo] 2023-08-30 11:26:36,740 [INFO] IPUIPlugin:80 - create IPUIPlugin
2023-08-30 11:26:36,742 DEBUG [LineInfo_to_exitCode.log_LineInfo] 2023-08-30 11:26:36,740 [INFO] PluginManager:220 - loadIPPluginJar : add resmgrutility
2023-08-30 11:26:36,746 DEBUG [LineInfo_to_exitCode.log_LineInfo] 2023-08-30 11:26:36,746 [INFO] IPUIPlugin:80 - create IPUIPlugin
2023-08-30 11:26:36,746 DEBUG [LineInfo_to_exitCode.log_LineInfo] 2023-08-30 11:26:36,746 [INFO] PluginManager:220 - loadIPPluginJar : add sai
2023-08-30 11:26:36,750 DEBUG [LineInfo_to_exitCode.log_LineInfo] 2023-08-30 11:26:36,750 [INFO] IPUIPlugin:80 - create IPUIPlugin
2023-08-30 11:26:36,751 DEBUG [LineInfo_to_exitCode.log_LineInfo] 2023-08-30 11:26:36,750 [INFO] PluginManager:220 - loadIPPluginJar : add spi
2023-08-30 11:26:36,756 DEBUG [LineInfo_to_exitCode.log_LineInfo] 2023-08-30 11:26:36,756 [INFO] IPUIPlugin:80 - create IPUIPlugin
2023-08-30 11:26:36,757 DEBUG [LineInfo_to_exitCode.log_LineInfo] 2023-08-30 11:26:36,756 [INFO] PluginManager:220 - loadIPPluginJar : add stm32_wpan
2023-08-30 11:26:36,760 DEBUG [LineInfo_to_exitCode.log_LineInfo] 2023-08-30 11:26:36,760 [INFO] IPUIPlugin:80 - create IPUIPlugin
2023-08-30 11:26:36,761 DEBUG [LineInfo_to_exitCode.log_LineInfo] 2023-08-30 11:26:36,760 [INFO] PluginManager:220 - loadIPPluginJar : add tim
2023-08-30 11:26:36,766 DEBUG [LineInfo_to_exitCode.log_LineInfo] 2023-08-30 11:26:36,766 [INFO] IPUIPlugin:80 - create IPUIPlugin
2023-08-30 11:26:36,767 DEBUG [LineInfo_to_exitCode.log_LineInfo] 2023-08-30 11:26:36,766 [INFO] PluginManager:220 - loadIPPluginJar : add touchsensing
2023-08-30 11:26:36,771 DEBUG [LineInfo_to_exitCode.log_LineInfo] 2023-08-30 11:26:36,771 [INFO] IPUIPlugin:80 - create IPUIPlugin
2023-08-30 11:26:36,772 DEBUG [LineInfo_to_exitCode.log_LineInfo] 2023-08-30 11:26:36,771 [INFO] PluginManager:220 - loadIPPluginJar : add tracer_emb
2023-08-30 11:26:36,781 DEBUG [LineInfo_to_exitCode.log_LineInfo] 2023-08-30 11:26:36,780 [INFO] IPUIPlugin:80 - create IPUIPlugin
2023-08-30 11:26:36,781 DEBUG [LineInfo_to_exitCode.log_LineInfo] 2023-08-30 11:26:36,781 [INFO] PluginManager:220 - loadIPPluginJar : add ts
2023-08-30 11:26:36,785 DEBUG [LineInfo_to_exitCode.log_LineInfo] 2023-08-30 11:26:36,785 [INFO] IPUIPlugin:80 - create IPUIPlugin
2023-08-30 11:26:36,786 DEBUG [LineInfo_to_exitCode.log_LineInfo] 2023-08-30 11:26:36,785 [INFO] PluginManager:220 - loadIPPluginJar : add tsc
2023-08-30 11:26:36,789 DEBUG [LineInfo_to_exitCode.log_LineInfo] 2023-08-30 11:26:36,789 [INFO] IPUIPlugin:80 - create IPUIPlugin
2023-08-30 11:26:36,790 DEBUG [LineInfo_to_exitCode.log_LineInfo] 2023-08-30 11:26:36,789 [INFO] PluginManager:220 - loadIPPluginJar : add ucpd
2023-08-30 11:26:36,797 DEBUG [LineInfo_to_exitCode.log_LineInfo] 2023-08-30 11:26:36,797 [INFO] IPUIPlugin:80 - create IPUIPlugin
2023-08-30 11:26:36,798 DEBUG [LineInfo_to_exitCode.log_LineInfo] 2023-08-30 11:26:36,797 [INFO] PluginManager:220 - loadIPPluginJar : add usart
2023-08-30 11:26:36,802 DEBUG [LineInfo_to_exitCode.log_LineInfo] 2023-08-30 11:26:36,802 [INFO] IPUIPlugin:80 - create IPUIPlugin
2023-08-30 11:26:36,803 DEBUG [LineInfo_to_exitCode.log_LineInfo] 2023-08-30 11:26:36,802 [INFO] PluginManager:220 - loadIPPluginJar : add usbx
2023-08-30 11:26:36,834 DEBUG [LineInfo_to_exitCode.log_LineInfo] 2023-08-30 11:26:36,834 [INFO] Updater:1056 - Updater Version found : 6.8.1
2023-08-30 11:26:36,862 DEBUG [LineInfo_to_exitCode.log_LineInfo] 2023-08-30 11:26:36,861 [INFO] ApplicationProperties:184 - Using Application install path: C:\Program Files\STMicroelectronics\STM32Cube\STM32CubeMX
2023-08-30 11:26:38,192 DEBUG [LineInfo_to_exitCode.log_LineInfo] 2023-08-30 11:26:38,191 [INFO] MainUpdater:2854 - connection check result : 10
2023-08-30 11:26:38,193 DEBUG [LineInfo_to_exitCode.log_LineInfo] 2023-08-30 11:26:38,193 [INFO] MainUpdater:283 - Updater Check For Update Now.
2023-08-30 11:26:38,194 DEBUG [LineInfo_to_exitCode.log_LineInfo] 2023-08-30 11:26:38,193 [INFO] MicroXplorer:498 - Change Database Version : DB.6.0.81
2023-08-30 11:26:38,233 DEBUG [LineInfo_to_exitCode.log_LineInfo] 2023-08-30 11:26:38,231 [INFO] ThirdPartyUpdaterWithRetryManager:96 - Updater plugin is busy. [1/15]
2023-08-30 11:26:38,392 DEBUG [LineInfo_to_exitCode.log_LineInfo] 2023-08-30 11:26:38,392 [INFO] CADModel:165 - CPN selected for project level
2023-08-30 11:26:38,393 DEBUG [LineInfo_to_exitCode.log_LineInfo] 2023-08-30 11:26:38,392 [INFO] CADModel:114 - Register for checkConnection events
2023-08-30 11:26:38,452 DEBUG [LineInfo_to_exitCode.log_LineInfo] 2023-08-30 11:26:38,451 [INFO] CheckServerUpdateThread:120 - End of CheckServer Thread
2023-08-30 11:26:38,640 DEBUG [LineInfo_to_exitCode.log_LineInfo] 2023-08-30 11:26:38,640 [INFO] CADModel:165 - CPN selected for project level
2023-08-30 11:26:38,641 DEBUG [LineInfo_to_exitCode.log_LineInfo] 2023-08-30 11:26:38,640 [INFO] CADModel:114 - Register for checkConnection events
2023-08-30 11:26:38,796 DEBUG [LineInfo_to_exitCode.log_LineInfo] 2023-08-30 11:26:38,796 [INFO] HomeAdPanel:103 - Auto-refresh data requested => check proxy status ongoing
2023-08-30 11:26:38,897 DEBUG [LineInfo_to_exitCode.log_LineInfo] 2023-08-30 11:26:38,897 [INFO] ServerAccessManage:473 - Download File 
2023-08-30 11:26:38,902 DEBUG [LineInfo_to_exitCode.log_LineInfo] 2023-08-30 11:26:38,901 [INFO] LoadUrlFilesThread:185 - End of LoadServerUrlFiles without Thread
2023-08-30 11:26:38,913 DEBUG [LineInfo_to_exitCode.log_LineInfo] 2023-08-30 11:26:38,913 [INFO] DbMcusAds:53 - JSON generation date=Tue Mar 07 08:50:55 GMT 2023 (1678179055114)
2023-08-30 11:26:38,917 DEBUG [LineInfo_to_exitCode.log_LineInfo] 2023-08-30 11:26:38,917 [INFO] LoadUrlFilesThread:185 - End of LoadServerUrlFiles without Thread
2023-08-30 11:26:38,918 DEBUG [LineInfo_to_exitCode.log_LineInfo] 2023-08-30 11:26:38,917 [INFO] HomeAdPanel:114 - Refresh advertisement image is successful
2023-08-30 11:26:39,032 DEBUG [LineInfo_to_exitCode.log_LineInfo] 2023-08-30 11:26:39,031 [INFO] LoadUrlFilesThread:185 - End of LoadServerUrlFiles without Thread
2023-08-30 11:26:39,046 DEBUG [LineInfo_to_exitCode.log_LineInfo] 2023-08-30 11:26:39,045 [INFO] DetailPanel:341 - Set advertising image to C:/Users/louib/STM32Cube/Repository/\en.prom-stm32h5-mcu-finder.jpg
2023-08-30 11:26:39,463 DEBUG [LineInfo_to_exitCode.log_LineInfo] 2023-08-30 11:26:39,462 [INFO] LoadUrlFilesThread:185 - End of LoadServerUrlFiles without Thread
2023-08-30 11:26:39,667 DEBUG [LineInfo_to_exitCode.log_LineInfo] 2023-08-30 11:26:39,667 [INFO] LoadUrlFilesThread:185 - End of LoadServerUrlFiles without Thread
2023-08-30 11:26:39,667 DEBUG [LineInfo_to_exitCode.log_LineInfo] 2023-08-30 11:26:39,667 [INFO] DetailPanel:341 - Set advertising image to C:/Users/louib/STM32Cube/Repository/\en.prom-stm32h5-mcu-finder.jpg
2023-08-30 11:26:39,888 DEBUG [LineInfo_to_exitCode.log_LineInfo] 2023-08-30 11:26:39,887 [INFO] MainFrame:183 - [MX] HOME_PANEL == 667151110337000
2023-08-30 11:26:39,980 DEBUG [LineInfo_to_exitCode.log_LineInfo] 2023-08-30 11:26:39,980 [INFO] MicroXplorer:468 - Change Database Path : 
2023-08-30 11:26:39,981 DEBUG [LineInfo_to_exitCode.log_LineInfo] 2023-08-30 11:26:39,981 [INFO] MicroXplorer:498 - Change Database Version : DB.6.0.81
2023-08-30 11:26:41,693 ERROR [LineInfo_to_exitCode.log_LineInfo] Found unsupported composite condition: CLASS='Data Exchange' GROUP='STM32_MetaDataManager'
2023-08-30 11:26:41,694 ERROR [LineInfo_to_exitCode.log_LineInfo] Found unsupported composite condition: CLASS='Data Exchange' GROUP='STM32_MetaDataManager'
2023-08-30 11:26:42,552 DEBUG [LineInfo_to_exitCode.log_LineInfo] 2023-08-30 11:26:42,552 [INFO] ThirdParty:978 - Integrity check success = true
2023-08-30 11:26:42,553 DEBUG [LineInfo_to_exitCode.log_LineInfo] 2023-08-30 11:26:42,552 [INFO] IntegrityCheckThread:100 - exiting critical section [integrity check]
2023-08-30 11:26:42,554 DEBUG [LineInfo_to_exitCode.log_LineInfo] 2023-08-30 11:26:42,552 [INFO] IntegrityCheckThread:103 - End integrity checks thread
2023-08-30 11:26:42,555 DEBUG [LineInfo_to_exitCode.log_LineInfo] 2023-08-30 11:26:42,552 [INFO] ThirdParty:873 - entering critical section [close project]
2023-08-30 11:26:42,556 DEBUG [LineInfo_to_exitCode.log_LineInfo] 2023-08-30 11:26:42,554 [INFO] ThirdParty:883 - exiting critical section [close project]
2023-08-30 11:26:42,558 DEBUG [LineInfo_to_exitCode.log_LineInfo] 2023-08-30 11:26:42,556 [INFO] PinOutPanel:1499 - setPackage(No Configuration,No Configuration)
2023-08-30 11:26:42,614 DEBUG [LineInfo_to_exitCode.log_LineInfo] 2023-08-30 11:26:42,613 [INFO] UtilMem:75 - Begin LoadConfig() Used Memory: 144199520 Bytes (266338304)
2023-08-30 11:26:42,618 DEBUG [LineInfo_to_exitCode.log_LineInfo] 2023-08-30 11:26:42,618 [INFO] MicroXplorer:468 - Change Database Path : 
2023-08-30 11:26:42,619 DEBUG [LineInfo_to_exitCode.log_LineInfo] 2023-08-30 11:26:42,618 [INFO] MicroXplorer:498 - Change Database Version : DB.6.0.81
2023-08-30 11:26:42,619 DEBUG [LineInfo_to_exitCode.log_LineInfo] 2023-08-30 11:26:42,618 [INFO] OpenFileManager:308 - Change cursor
2023-08-30 11:26:42,671 DEBUG [LineInfo_to_exitCode.log_LineInfo] 2023-08-30 11:26:42,670 [INFO] Mcu:1937 - Initializing MCU STM32F302R(6-8)Tx STM32F302R8Tx 
2023-08-30 11:26:42,825 DEBUG [LineInfo_to_exitCode.log_LineInfo] 2023-08-30 11:26:42,825 [INFO] ApiDb:581 - Connected to CubeFinder SQLite database (C:\Users\louib\.stmcufinder\plugins\mcufinder\mcu\cube-finder-db.db)
2023-08-30 11:26:42,917 DEBUG [LineInfo_to_exitCode.log_LineInfo] 2023-08-30 11:26:42,916 [INFO] ApiDb:668 - CubeFinder database Data Model version=2.1
2023-08-30 11:26:42,917 DEBUG [LineInfo_to_exitCode.log_LineInfo] 2023-08-30 11:26:42,916 [INFO] ApiDb:669 - CubeFinder database Configuration version=3.0.37
2023-08-30 11:26:42,917 DEBUG [LineInfo_to_exitCode.log_LineInfo] 2023-08-30 11:26:42,917 [INFO] ApiDb:670 - CubeFinder database generation date=2023-06-26 (1687786131)
2023-08-30 11:26:42,917 DEBUG [LineInfo_to_exitCode.log_LineInfo] 2023-08-30 11:26:42,917 [INFO] ApiDb:671 - CubeFinder database FW Pack versions=[FP-ATR-ASTRA1_V2.0.0, FP-SNS-FLIGHT1_V5.0.1, FP-SNS-MOTENV1_V4.3.1, STM32Cube_FW_C0_V1.1.0, STM32Cube_FW_F4_V1.27.1, STM32Cube_FW_F7_V1.17.0, STM32Cube_FW_G0_V1.6.1, STM32Cube_FW_G4_V1.5.1, STM32Cube_FW_H5_V0.5.1, STM32Cube_FW_H5_V1.1.0, STM32Cube_FW_H7_V1.11.0, STM32Cube_FW_L0_V1.12.2, STM32Cube_FW_L5_V1.5.0, STM32Cube_FW_U5_V1.3.0, STM32Cube_FW_U5_V1.3.0RC4, STM32Cube_FW_WBA_V1.0.0RC1, STM32Cube_FW_WBA_V1.1.0, STM32Cube_FW_WBA_V1.1.0RC1, STM32Cube_FW_WB_V1.15.0RC1, STM32Cube_FW_WB_V1.16.0, STM32Cube_FW_WB_V1.16.0RC2, STM32Cube_FW_WB_V1.17.0, STM32Cube_FW_WL_V1.3.0, X-CUBE-ALGOBUILD_V1.3.0, X-CUBE-ALS_V1.0.1, X-CUBE-AZRTOS-F4_V1.1.0, X-CUBE-AZRTOS-F7_V1.1.0, X-CUBE-AZRTOS-G0_V1.1.0, X-CUBE-AZRTOS-G4_V2.0.0, X-CUBE-AZRTOS-H7_V3.1.0, X-CUBE-AZRTOS-L4_V1.0.0, X-CUBE-AZRTOS-L4_V2.0.0, X-CUBE-AZRTOS-L5_V1.1.0, X-CUBE-AZRTOS-WB_V1.1.0, X-CUBE-AZRTOS-WL_V2.0.0, X-CUBE-BLE1_V6.2.4, X-CUBE-BLE2_V3.3.0, X-CUBE-BLEMGR_V2.0.0, X-CUBE-EEPRMA1_V4.1.0, X-CUBE-FREERTOS_V1.0.1, X-CUBE-GNSS1_V6.0.0, X-CUBE-MEMS1_V9.1.0, X-CUBE-MEMS1_V9.4.0, X-CUBE-MEMS1_V9.6.0, X-CUBE-NFC4_V3.0.0, X-CUBE-NFC7_V1.0.0, X-CUBE-SFXS2LP1_V4.0.0, X-CUBE-SUBG2_V5.0.0]
2023-08-30 11:26:45,704 DEBUG [LineInfo_to_exitCode.log_LineInfo] 2023-08-30 11:26:45,704 [INFO] ApiDb:240 - Found 297 in-development CPN: [B-G473E-ZEST1S, B-WB1M-WPAN1, B-WL5M-SUBG1, NUCLEO-C031C6, NUCLEO-H503RB, NUCLEO-H563ZI, NUCLEO-U545RE-Q, NUCLEO-U5A5ZJ-Q, NUCLEO-WBA52CG, STEVAL-PROTEUS1, STEVAL-STWINBX1, STM320518-EVAL, STM32C0116-DK, STM32C011D6Y3TR, STM32C011D6Y6TR, STM32C011F4P3, STM32C011F4P6, STM32C011F4U3, STM32C011F4U6TR, STM32C011F6P3, STM32C011F6P6, STM32C011F6U3, STM32C011F6U6TR, STM32C011J4M3, STM32C011J4M6, STM32C011J6M3, STM32C011J6M6, STM32C0316-DK, STM32C031C4T3, STM32C031C4T6, STM32C031C4U3, STM32C031C4U6, STM32C031C6T3, STM32C031C6T6, STM32C031C6U3, STM32C031C6U6, STM32C031F4P3, STM32C031F4P6, STM32C031F6P3, STM32C031F6P6, STM32C031G4U3, STM32C031G4U6, STM32C031G6U3, STM32C031G6U6, STM32C031K4T3, STM32C031K4T6, STM32C031K4U3, STM32C031K4U6, STM32C031K6T3, STM32C031K6T6, STM32C031K6U3, STM32C031K6U6, STM32G071K8TXN, STM32G071K8UXN, STM32G081GBU6N, STM32G081KBT6N, STM32G081KBUXN, STM32G0B1CCT6N, STM32G0B1KCT6, STM32G0B1NEY6TR, STM32G0B1RCT6N, STM32G0C1CCT6, STM32G0C1CCT6N, STM32G0C1CCU6N, STM32G0C1CET6N, STM32G0C1CEU6N, STM32G0C1KCT6, STM32G0C1NEY6TR, STM32G0C1RCI6N, STM32G0C1RCT6N, STM32G0C1REI6N, STM32G0C1RET6N, STM32G0C1VCI6, STM32G0C1VEI6, STM32G471CCT6, STM32G471CCU6, STM32G471CET3, STM32G471CET6, STM32G471CEU3, STM32G471CEU6, STM32G471MCT6, STM32G471MET3, STM32G471MET6, STM32G471MEY6TR, STM32G471QCT6, STM32G471QET3, STM32G471RCT6, STM32G471RET3, STM32G471RET6, STM32G471VCH6, STM32G471VCI6, STM32G471VCT6, STM32G471VEH3, STM32G471VEH6, STM32G471VEI3, STM32G471VEI6, STM32G471VET3, STM32G471VET6, STM32G474CCT6, STM32H503CBT6, STM32H503CBU6, STM32H503EBY6TR, STM32H503KBU6, STM32H503RBT6, STM32H562AGI6, STM32H562AII6, STM32H562IGK6, STM32H562IGT6, STM32H562IIK6, STM32H562IIT6, STM32H562RGT6, STM32H562RGV6, STM32H562RIT6, STM32H562RIV6, STM32H562VGT6, STM32H562VIT6, STM32H562ZGT6, STM32H562ZIT6, STM32H563AGI6, STM32H563AII3Q, STM32H563AII6, STM32H563IGK6, STM32H563IGT6, STM32H563IIK3Q, STM32H563IIK6, STM32H563IIT3Q, STM32H563IIT6, STM32H563MIY3QTR, STM32H563RGT6, STM32H563RGV6, STM32H563RIT6, STM32H563RIV6, STM32H563VGT6, STM32H563VIT3Q, STM32H563VIT6, STM32H563ZGT6, STM32H563ZIT3Q, STM32H563ZIT6, STM32H573AII3Q, STM32H573AII6, STM32H573I-DK, STM32H573IIK3Q, STM32H573IIK6, STM32H573IIT3Q, STM32H573IIT6, STM32H573MIY3QTR, STM32H573RIT6, STM32H573RIV6, STM32H573VIT3Q, STM32H573VIT6, STM32H573ZIT3Q, STM32H573ZIT6, STM32L4R5QGI6STR, STM32MP131AAE3, STM32MP131AAF3, STM32MP131AAG3, STM32MP131CAE3, STM32MP131CAF3, STM32MP131CAG3, STM32MP131DAE7, STM32MP131DAF7, STM32MP131DAG7, STM32MP131FAE7, STM32MP131FAF7, STM32MP131FAG7, STM32MP133AAE3, STM32MP133AAF3, STM32MP133AAG3, STM32MP133CAE3, STM32MP133CAF3, STM32MP133CAG3, STM32MP133DAE7, STM32MP133DAF7, STM32MP133DAG7, STM32MP133FAE7, STM32MP133FAF7, STM32MP133FAG7, STM32MP135AAE3, STM32MP135AAF3, STM32MP135AAG3, STM32MP135CAE3, STM32MP135CAF3, STM32MP135CAG3, STM32MP135DAE7, STM32MP135DAF7, STM32MP135DAG7, STM32MP135F-DK, STM32MP135FAE7, STM32MP135FAF7, STM32MP135FAF7T, STM32MP135FAF7U, STM32MP135FAG7, STM32U535CBT6, STM32U535CBT6Q, STM32U535CBU6, STM32U535CBU6Q, STM32U535CCT6, STM32U535CCT6Q, STM32U535CCU6, STM32U535CCU6Q, STM32U535CET6, STM32U535CET6Q, STM32U535CEU6, STM32U535CEU6Q, STM32U535JEY6QTR, STM32U535NCY6QTR, STM32U535NEY6QTR, STM32U535RBI6, STM32U535RBI6Q, STM32U535RBT6, STM32U535RBT6Q, STM32U535RCI6, STM32U535RCI6Q, STM32U535RCT6, STM32U535RCT6Q, STM32U535REI6, STM32U535REI6Q, STM32U535RET6, STM32U535RET6Q, STM32U535VCI6, STM32U535VCI6Q, STM32U535VCT6, STM32U535VCT6Q, STM32U535VEI6, STM32U535VEI6Q, STM32U535VET6, STM32U535VET6Q, STM32U545CET6, STM32U545CET6Q, STM32U545CEU6, STM32U545CEU6Q, STM32U545JEY6QTR, STM32U545NEY6QTR, STM32U545REI6, STM32U545REI6Q, STM32U545RET6, STM32U545RET6Q, STM32U545VEI6, STM32U545VEI6Q, STM32U545VET6, STM32U545VET6Q, STM32U595AIH6, STM32U595AIH6Q, STM32U595AJH6, STM32U595AJH6Q, STM32U595QII6, STM32U595QII6Q, STM32U595QJI6, STM32U595QJI6Q, STM32U595RIT6, STM32U595RIT6Q, STM32U595RJT6, STM32U595RJT6Q, STM32U595VIT6, STM32U595VIT6Q, STM32U595VJT6, STM32U595VJT6Q, STM32U595ZIT6, STM32U595ZIT6Q, STM32U595ZIY6QTR, STM32U595ZJT6, STM32U595ZJT6Q, STM32U595ZJY6QTR, STM32U599BJY6QTR, STM32U599NIH6Q, STM32U599NJH6Q, STM32U599VIT6Q, STM32U599VJT6, STM32U599VJT6Q, STM32U599ZIT6Q, STM32U599ZIY6QTR, STM32U599ZJT6Q, STM32U599ZJY6QTR, STM32U5A5AJH6, STM32U5A5AJH6Q, STM32U5A5QJI6, STM32U5A5QJI6Q, STM32U5A5RJT6, STM32U5A5RJT6Q, STM32U5A5VJT6, STM32U5A5VJT6Q, STM32U5A5ZJT6, STM32U5A5ZJT6Q, STM32U5A5ZJY6QTR, STM32U5A9BJY6QTR, STM32U5A9J-DK, STM32U5A9NJH6Q, STM32U5A9VJT6Q, STM32U5A9ZJT6Q, STM32U5A9ZJY6QTR, STM32WB1MMCH6, STM32WBA52CEU6, STM32WBA52CEU6T, STM32WBA52CGU6, STM32WBA52CGU6T, STM32WL5MOCH6, STM32WL5MOCH6TR]
2023-08-30 11:26:45,710 DEBUG [LineInfo_to_exitCode.log_LineInfo] 2023-08-30 11:26:45,710 [INFO] DbMcus:216 - Found 3825 MCUs, 3825 are supported
2023-08-30 11:26:45,714 DEBUG [LineInfo_to_exitCode.log_LineInfo] 2023-08-30 11:26:45,714 [INFO] ApiDb:423 - Load user favorites file C:\Users\louib/.stm32cubemx/favorites.mcus.txt: 0 item(s)
2023-08-30 11:26:45,715 DEBUG [LineInfo_to_exitCode.log_LineInfo] 2023-08-30 11:26:45,714 [INFO] ApiDb:427 - User favorites MCUs=[]
2023-08-30 11:26:45,716 DEBUG [LineInfo_to_exitCode.log_LineInfo] 2023-08-30 11:26:45,715 [INFO] DbMcus:222 - Set 0 / 0 favorites MCUs
2023-08-30 11:26:46,130 DEBUG [LineInfo_to_exitCode.log_LineInfo] 2023-08-30 11:26:46,129 [INFO] Mcu:1950 - No CPN specified => set CPN to STM32F302R8T6
2023-08-30 11:26:47,909 DEBUG [LineInfo_to_exitCode.log_LineInfo] 2023-08-30 11:26:47,909 [INFO] Context:659 - Trying to add GPIOservice into a context  which must be forbidden
2023-08-30 11:26:48,726 DEBUG [LineInfo_to_exitCode.log_LineInfo] 2023-08-30 11:26:48,726 [INFO] ImportTextPane:194 - (OptionalMessage_ERROR) Unable to find key (Mcu.ThirdPartyNb) in loaded IOC file
2023-08-30 11:26:49,088 DEBUG [LineInfo_to_exitCode.log_LineInfo] 2023-08-30 11:26:49,088 [INFO] RtosManager:555 - Registered RTOS mode: class=CMSIS, group=RTOS, mode=CMSIS_V1, owner=FREERTOS
2023-08-30 11:26:49,089 DEBUG [LineInfo_to_exitCode.log_LineInfo] 2023-08-30 11:26:49,088 [INFO] RtosManager:555 - Registered RTOS mode: class=CMSIS, group=RTOS2, mode=CMSIS_V2, owner=FREERTOS
2023-08-30 11:26:49,090 DEBUG [LineInfo_to_exitCode.log_LineInfo] 2023-08-30 11:26:49,088 [INFO] RtosManager:555 - Registered RTOS mode: class=RTOS, group=Core, mode=CMSIS_V1, owner=FREERTOS
2023-08-30 11:26:49,091 DEBUG [LineInfo_to_exitCode.log_LineInfo] 2023-08-30 11:26:49,089 [INFO] RtosManager:555 - Registered RTOS mode: class=RTOS, group=Core, mode=CMSIS_V2, owner=FREERTOS
2023-08-30 11:26:49,176 DEBUG [LineInfo_to_exitCode.log_LineInfo] 2023-08-30 11:26:49,176 [INFO] ThirdPartyModel:298 - Start build external matchings
2023-08-30 11:26:49,727 DEBUG [LineInfo_to_exitCode.log_LineInfo] 2023-08-30 11:26:49,727 [INFO] ThirdPartyModel:316 - End build external matchings
2023-08-30 11:26:49,915 DEBUG [LineInfo_to_exitCode.log_LineInfo] 2023-08-30 11:26:49,914 [INFO] ImportTextPane:194 - (OptionalMessage_ERROR) IP (MotorControl) : Invalid parameter (ADC_AHBPERIPH)
2023-08-30 11:26:49,917 DEBUG [LineInfo_to_exitCode.log_LineInfo] 2023-08-30 11:26:49,916 [INFO] ImportTextPane:194 - (OptionalMessage_ERROR) IP (MotorControl) : Invalid parameter (BKIN1_FILTER)
2023-08-30 11:26:49,917 DEBUG [LineInfo_to_exitCode.log_LineInfo] 2023-08-30 11:26:49,917 [INFO] ImportTextPane:194 - (OptionalMessage_ERROR) IP (MotorControl) : Invalid parameter (BKIN2_FILTER)
2023-08-30 11:26:49,917 DEBUG [LineInfo_to_exitCode.log_LineInfo] 2023-08-30 11:26:49,917 [INFO] ImportTextPane:194 - (OptionalMessage_ERROR) IP (MotorControl) : Invalid parameter (CCMRAM_ENABLED)
2023-08-30 11:26:49,917 DEBUG [LineInfo_to_exitCode.log_LineInfo] 2023-08-30 11:26:49,917 [INFO] ImportTextPane:194 - (OptionalMessage_ERROR) IP (MotorControl) : Invalid parameter (CLOCK_FREQUENCY)
2023-08-30 11:26:49,917 DEBUG [LineInfo_to_exitCode.log_LineInfo] 2023-08-30 11:26:49,917 [INFO] ImportTextPane:194 - (OptionalMessage_ERROR) IP (MotorControl) : Invalid parameter (CLOCK_SOURCE)
2023-08-30 11:26:49,918 DEBUG [LineInfo_to_exitCode.log_LineInfo] 2023-08-30 11:26:49,918 [INFO] ImportTextPane:194 - (OptionalMessage_ERROR) IP (MotorControl) : Invalid parameter (CPU_CLK_72_MHZ)
2023-08-30 11:26:49,919 DEBUG [LineInfo_to_exitCode.log_LineInfo] 2023-08-30 11:26:49,918 [INFO] ImportTextPane:194 - (OptionalMessage_ERROR) IP (MotorControl) : Invalid parameter (DC_CURRENT_RS_MEAS)
2023-08-30 11:26:49,920 DEBUG [LineInfo_to_exitCode.log_LineInfo] 2023-08-30 11:26:49,920 [INFO] ImportTextPane:194 - (OptionalMessage_ERROR) IP (MotorControl) : Invalid parameter (DRIVES_NUMBER_SELECTION)
2023-08-30 11:26:49,921 DEBUG [LineInfo_to_exitCode.log_LineInfo] 2023-08-30 11:26:49,920 [INFO] ImportTextPane:194 - (OptionalMessage_ERROR) IP (MotorControl) : Invalid parameter (EMERGENCY_STOP_GPIO_PIN)
2023-08-30 11:26:49,921 DEBUG [LineInfo_to_exitCode.log_LineInfo] 2023-08-30 11:26:49,921 [INFO] ImportTextPane:194 - (OptionalMessage_ERROR) IP (MotorControl) : Invalid parameter (EMERGENCY_STOP_GPIO_PORT)
2023-08-30 11:26:49,921 DEBUG [LineInfo_to_exitCode.log_LineInfo] 2023-08-30 11:26:49,921 [INFO] ImportTextPane:194 - (OptionalMessage_ERROR) IP (MotorControl) : Invalid parameter (EMERGENCY2_STOP_GPIO_PIN)
2023-08-30 11:26:49,922 DEBUG [LineInfo_to_exitCode.log_LineInfo] 2023-08-30 11:26:49,921 [INFO] ImportTextPane:194 - (OptionalMessage_ERROR) IP (MotorControl) : Invalid parameter (EMERGENCY2_STOP_GPIO_PORT)
2023-08-30 11:26:49,922 DEBUG [LineInfo_to_exitCode.log_LineInfo] 2023-08-30 11:26:49,921 [INFO] ImportTextPane:194 - (OptionalMessage_ERROR) IP (MotorControl) : Invalid parameter (ENCODER_AVAILABLE)
2023-08-30 11:26:49,922 DEBUG [LineInfo_to_exitCode.log_LineInfo] 2023-08-30 11:26:49,921 [INFO] ImportTextPane:194 - (OptionalMessage_ERROR) IP (MotorControl) : Invalid parameter (EXT_CLK_8_MHZ)
2023-08-30 11:26:49,922 DEBUG [LineInfo_to_exitCode.log_LineInfo] 2023-08-30 11:26:49,922 [INFO] ImportTextPane:194 - (OptionalMessage_ERROR) IP (MotorControl) : Invalid parameter (EXT_CLOCK_FREQUENCY)
2023-08-30 11:26:49,922 DEBUG [LineInfo_to_exitCode.log_LineInfo] 2023-08-30 11:26:49,922 [INFO] ImportTextPane:194 - (OptionalMessage_ERROR) IP (MotorControl) : Invalid parameter (FEEDBACK_NET_FILTERING)
2023-08-30 11:26:49,923 DEBUG [LineInfo_to_exitCode.log_LineInfo] 2023-08-30 11:26:49,922 [INFO] ImportTextPane:194 - (OptionalMessage_ERROR) IP (MotorControl) : Invalid parameter (HALL_SENSORS_AVAILABLE)
2023-08-30 11:26:49,925 DEBUG [LineInfo_to_exitCode.log_LineInfo] 2023-08-30 11:26:49,923 [INFO] ImportTextPane:194 - (OptionalMessage_ERROR) IP (MotorControl) : Invalid parameter (HW_COMPLEMENTED_LOW_SIDE)
2023-08-30 11:26:49,925 DEBUG [LineInfo_to_exitCode.log_LineInfo] 2023-08-30 11:26:49,925 [INFO] ImportTextPane:194 - (OptionalMessage_ERROR) IP (MotorControl) : Invalid parameter (HWV_CS)
2023-08-30 11:26:49,926 DEBUG [LineInfo_to_exitCode.log_LineInfo] 2023-08-30 11:26:49,925 [INFO] ImportTextPane:194 - (OptionalMessage_ERROR) IP (MotorControl) : Invalid parameter (HWV_OCP)
2023-08-30 11:26:49,926 DEBUG [LineInfo_to_exitCode.log_LineInfo] 2023-08-30 11:26:49,926 [INFO] ImportTextPane:194 - (OptionalMessage_ERROR) IP (MotorControl) : Invalid parameter (HWV_PWM)
2023-08-30 11:26:49,927 DEBUG [LineInfo_to_exitCode.log_LineInfo] 2023-08-30 11:26:49,926 [INFO] ImportTextPane:194 - (OptionalMessage_ERROR) IP (MotorControl) : Invalid parameter (IPs)
2023-08-30 11:26:49,929 DEBUG [LineInfo_to_exitCode.log_LineInfo] 2023-08-30 11:26:49,929 [INFO] ImportTextPane:194 - (OptionalMessage_ERROR) IP (MotorControl) : Invalid parameter (M1_CURRENT_AMPLIFICATION_TOPO)
2023-08-30 11:26:49,929 DEBUG [LineInfo_to_exitCode.log_LineInfo] 2023-08-30 11:26:49,929 [INFO] ImportTextPane:194 - (OptionalMessage_ERROR) IP (MotorControl) : Invalid parameter (M1_CURRENT_PROTECTION_DESTINATION)
2023-08-30 11:26:49,934 DEBUG [LineInfo_to_exitCode.log_LineInfo] 2023-08-30 11:26:49,934 [INFO] ImportTextPane:194 - (OptionalMessage_ERROR) IP (MotorControl) : Parameter (M1_PWM_CHARGE_BOOT_CAP_DUTY_CYCLES) has invalid value (0.000)
2023-08-30 11:26:49,934 DEBUG [LineInfo_to_exitCode.log_LineInfo] 2023-08-30 11:26:49,934 [INFO] ImportTextPane:194 - (OptionalMessage_ERROR) IP (MotorControl) : Invalid parameter (M1_PWM_DRIVER_PN)
2023-08-30 11:26:49,934 DEBUG [LineInfo_to_exitCode.log_LineInfo] 2023-08-30 11:26:49,934 [INFO] ImportTextPane:194 - (OptionalMessage_ERROR) IP (MotorControl) : Invalid parameter (MAX_MODULATION_85_PER_CENT)
2023-08-30 11:26:49,934 DEBUG [LineInfo_to_exitCode.log_LineInfo] 2023-08-30 11:26:49,934 [INFO] ImportTextPane:194 - (OptionalMessage_ERROR) IP (MotorControl) : Invalid parameter (MAX_READABLE_CURRENT)
2023-08-30 11:26:49,935 DEBUG [LineInfo_to_exitCode.log_LineInfo] 2023-08-30 11:26:49,934 [INFO] ImportTextPane:194 - (OptionalMessage_ERROR) IP (MotorControl) : Invalid parameter (MC_WORKBENCH_VERSION)
2023-08-30 11:26:49,935 DEBUG [LineInfo_to_exitCode.log_LineInfo] 2023-08-30 11:26:49,934 [INFO] ImportTextPane:194 - (OptionalMessage_ERROR) IP (MotorControl) : Invalid parameter (MCU)
2023-08-30 11:26:49,935 DEBUG [LineInfo_to_exitCode.log_LineInfo] 2023-08-30 11:26:49,934 [INFO] ImportTextPane:194 - (OptionalMessage_ERROR) IP (MotorControl) : Invalid parameter (MCU_FAMILY)
2023-08-30 11:26:49,936 DEBUG [LineInfo_to_exitCode.log_LineInfo] 2023-08-30 11:26:49,934 [INFO] ImportTextPane:194 - (OptionalMessage_ERROR) IP (MotorControl) : Invalid parameter (MCU_LINE)
2023-08-30 11:26:49,937 DEBUG [LineInfo_to_exitCode.log_LineInfo] 2023-08-30 11:26:49,934 [INFO] ImportTextPane:194 - (OptionalMessage_ERROR) IP (MotorControl) : Invalid parameter (MCU_NAME)
2023-08-30 11:26:49,937 DEBUG [LineInfo_to_exitCode.log_LineInfo] 2023-08-30 11:26:49,935 [INFO] ImportTextPane:194 - (OptionalMessage_ERROR) IP (MotorControl) : Invalid parameter (MCU_PACKAGE)
2023-08-30 11:26:49,937 DEBUG [LineInfo_to_exitCode.log_LineInfo] 2023-08-30 11:26:49,935 [INFO] ImportTextPane:194 - (OptionalMessage_ERROR) IP (MotorControl) : Invalid parameter (MCU_TYPE)
2023-08-30 11:26:49,938 DEBUG [LineInfo_to_exitCode.log_LineInfo] 2023-08-30 11:26:49,935 [INFO] ImportTextPane:194 - (OptionalMessage_ERROR) IP (MotorControl) : Invalid parameter (MCU_USERNAME)
2023-08-30 11:26:49,938 DEBUG [LineInfo_to_exitCode.log_LineInfo] 2023-08-30 11:26:49,937 [INFO] ImportTextPane:194 - (OptionalMessage_ERROR) IP (MotorControl) : Invalid parameter (MOTOR_TYPE)
2023-08-30 11:26:49,938 DEBUG [LineInfo_to_exitCode.log_LineInfo] 2023-08-30 11:26:49,937 [INFO] ImportTextPane:194 - (OptionalMessage_ERROR) IP (MotorControl) : Invalid parameter (OVERCURR_FEEDBACK_POLARITY)
2023-08-30 11:26:49,938 DEBUG [LineInfo_to_exitCode.log_LineInfo] 2023-08-30 11:26:49,938 [INFO] ImportTextPane:194 - (OptionalMessage_ERROR) IP (MotorControl) : Invalid parameter (PHASE_U_CURR_ADC)
2023-08-30 11:26:49,938 DEBUG [LineInfo_to_exitCode.log_LineInfo] 2023-08-30 11:26:49,938 [INFO] ImportTextPane:194 - (OptionalMessage_ERROR) IP (MotorControl) : Invalid parameter (PHASE_U_GPIO_PIN)
2023-08-30 11:26:49,938 DEBUG [LineInfo_to_exitCode.log_LineInfo] 2023-08-30 11:26:49,938 [INFO] ImportTextPane:194 - (OptionalMessage_ERROR) IP (MotorControl) : Invalid parameter (PHASE_U_GPIO_PORT)
2023-08-30 11:26:49,938 DEBUG [LineInfo_to_exitCode.log_LineInfo] 2023-08-30 11:26:49,938 [INFO] ImportTextPane:194 - (OptionalMessage_ERROR) IP (MotorControl) : Invalid parameter (PHASE_UH_GPIO_PIN)
2023-08-30 11:26:49,939 DEBUG [LineInfo_to_exitCode.log_LineInfo] 2023-08-30 11:26:49,938 [INFO] ImportTextPane:194 - (OptionalMessage_ERROR) IP (MotorControl) : Invalid parameter (PHASE_UH_GPIO_PORT)
2023-08-30 11:26:49,939 DEBUG [LineInfo_to_exitCode.log_LineInfo] 2023-08-30 11:26:49,938 [INFO] ImportTextPane:194 - (OptionalMessage_ERROR) IP (MotorControl) : Invalid parameter (PHASE_UH_POLARITY)
2023-08-30 11:26:49,939 DEBUG [LineInfo_to_exitCode.log_LineInfo] 2023-08-30 11:26:49,938 [INFO] ImportTextPane:194 - (OptionalMessage_ERROR) IP (MotorControl) : Invalid parameter (PHASE_UL_GPIO_PIN)
2023-08-30 11:26:49,939 DEBUG [LineInfo_to_exitCode.log_LineInfo] 2023-08-30 11:26:49,938 [INFO] ImportTextPane:194 - (OptionalMessage_ERROR) IP (MotorControl) : Invalid parameter (PHASE_UL_GPIO_PORT)
2023-08-30 11:26:49,941 DEBUG [LineInfo_to_exitCode.log_LineInfo] 2023-08-30 11:26:49,938 [INFO] ImportTextPane:194 - (OptionalMessage_ERROR) IP (MotorControl) : Invalid parameter (PHASE_UL_POLARITY)
2023-08-30 11:26:49,942 DEBUG [LineInfo_to_exitCode.log_LineInfo] 2023-08-30 11:26:49,938 [INFO] ImportTextPane:194 - (OptionalMessage_ERROR) IP (MotorControl) : Invalid parameter (PHASE_V_CURR_ADC)
2023-08-30 11:26:49,942 DEBUG [LineInfo_to_exitCode.log_LineInfo] 2023-08-30 11:26:49,939 [INFO] ImportTextPane:194 - (OptionalMessage_ERROR) IP (MotorControl) : Invalid parameter (PHASE_V_GPIO_PIN)
2023-08-30 11:26:49,942 DEBUG [LineInfo_to_exitCode.log_LineInfo] 2023-08-30 11:26:49,939 [INFO] ImportTextPane:194 - (OptionalMessage_ERROR) IP (MotorControl) : Invalid parameter (PHASE_V_GPIO_PORT)
2023-08-30 11:26:49,942 DEBUG [LineInfo_to_exitCode.log_LineInfo] 2023-08-30 11:26:49,939 [INFO] ImportTextPane:194 - (OptionalMessage_ERROR) IP (MotorControl) : Invalid parameter (PHASE_VH_GPIO_PIN)
2023-08-30 11:26:49,942 DEBUG [LineInfo_to_exitCode.log_LineInfo] 2023-08-30 11:26:49,939 [INFO] ImportTextPane:194 - (OptionalMessage_ERROR) IP (MotorControl) : Invalid parameter (PHASE_VH_GPIO_PORT)
2023-08-30 11:26:49,943 DEBUG [LineInfo_to_exitCode.log_LineInfo] 2023-08-30 11:26:49,940 [INFO] ImportTextPane:194 - (OptionalMessage_ERROR) IP (MotorControl) : Invalid parameter (PHASE_VH_POLARITY)
2023-08-30 11:26:49,943 DEBUG [LineInfo_to_exitCode.log_LineInfo] 2023-08-30 11:26:49,941 [INFO] ImportTextPane:194 - (OptionalMessage_ERROR) IP (MotorControl) : Invalid parameter (PHASE_VL_GPIO_PIN)
2023-08-30 11:26:49,943 DEBUG [LineInfo_to_exitCode.log_LineInfo] 2023-08-30 11:26:49,942 [INFO] ImportTextPane:194 - (OptionalMessage_ERROR) IP (MotorControl) : Invalid parameter (PHASE_VL_GPIO_PORT)
2023-08-30 11:26:49,943 DEBUG [LineInfo_to_exitCode.log_LineInfo] 2023-08-30 11:26:49,942 [INFO] ImportTextPane:194 - (OptionalMessage_ERROR) IP (MotorControl) : Invalid parameter (PHASE_VL_POLARITY)
2023-08-30 11:26:49,943 DEBUG [LineInfo_to_exitCode.log_LineInfo] 2023-08-30 11:26:49,942 [INFO] ImportTextPane:194 - (OptionalMessage_ERROR) IP (MotorControl) : Invalid parameter (PHASE_W_CURR_ADC)
2023-08-30 11:26:49,943 DEBUG [LineInfo_to_exitCode.log_LineInfo] 2023-08-30 11:26:49,942 [INFO] ImportTextPane:194 - (OptionalMessage_ERROR) IP (MotorControl) : Invalid parameter (PHASE_W_GPIO_PIN)
2023-08-30 11:26:49,944 DEBUG [LineInfo_to_exitCode.log_LineInfo] 2023-08-30 11:26:49,942 [INFO] ImportTextPane:194 - (OptionalMessage_ERROR) IP (MotorControl) : Invalid parameter (PHASE_W_GPIO_PORT)
2023-08-30 11:26:49,944 DEBUG [LineInfo_to_exitCode.log_LineInfo] 2023-08-30 11:26:49,942 [INFO] ImportTextPane:194 - (OptionalMessage_ERROR) IP (MotorControl) : Invalid parameter (PHASE_WH_GPIO_PIN)
2023-08-30 11:26:49,945 DEBUG [LineInfo_to_exitCode.log_LineInfo] 2023-08-30 11:26:49,943 [INFO] ImportTextPane:194 - (OptionalMessage_ERROR) IP (MotorControl) : Invalid parameter (PHASE_WH_GPIO_PORT)
2023-08-30 11:26:49,946 DEBUG [LineInfo_to_exitCode.log_LineInfo] 2023-08-30 11:26:49,943 [INFO] ImportTextPane:194 - (OptionalMessage_ERROR) IP (MotorControl) : Invalid parameter (PHASE_WH_POLARITY)
2023-08-30 11:26:49,946 DEBUG [LineInfo_to_exitCode.log_LineInfo] 2023-08-30 11:26:49,943 [INFO] ImportTextPane:194 - (OptionalMessage_ERROR) IP (MotorControl) : Invalid parameter (PHASE_WL_GPIO_PIN)
2023-08-30 11:26:49,946 DEBUG [LineInfo_to_exitCode.log_LineInfo] 2023-08-30 11:26:49,943 [INFO] ImportTextPane:194 - (OptionalMessage_ERROR) IP (MotorControl) : Invalid parameter (PHASE_WL_GPIO_PORT)
2023-08-30 11:26:49,946 DEBUG [LineInfo_to_exitCode.log_LineInfo] 2023-08-30 11:26:49,943 [INFO] ImportTextPane:194 - (OptionalMessage_ERROR) IP (MotorControl) : Invalid parameter (PHASE_WL_POLARITY)
2023-08-30 11:26:49,946 DEBUG [LineInfo_to_exitCode.log_LineInfo] 2023-08-30 11:26:49,944 [INFO] ImportTextPane:194 - (OptionalMessage_ERROR) IP (MotorControl) : Invalid parameter (POTENTIOMETER_READING)
2023-08-30 11:26:49,947 DEBUG [LineInfo_to_exitCode.log_LineInfo] 2023-08-30 11:26:49,945 [INFO] ImportTextPane:194 - (OptionalMessage_ERROR) IP (MotorControl) : Invalid parameter (R_BRAKE_SWITCH_OFF_THRES_V)
2023-08-30 11:26:49,947 DEBUG [LineInfo_to_exitCode.log_LineInfo] 2023-08-30 11:26:49,946 [INFO] ImportTextPane:194 - (OptionalMessage_ERROR) IP (MotorControl) : Invalid parameter (SPD_DIFFERENTIAL_TERM_ENABLING)
2023-08-30 11:26:49,947 DEBUG [LineInfo_to_exitCode.log_LineInfo] 2023-08-30 11:26:49,946 [INFO] ImportTextPane:194 - (OptionalMessage_ERROR) IP (MotorControl) : Invalid parameter (STM32F302R8)
2023-08-30 11:26:49,947 DEBUG [LineInfo_to_exitCode.log_LineInfo] 2023-08-30 11:26:49,947 [INFO] ImportTextPane:194 - (OptionalMessage_ERROR) IP (MotorControl) : Invalid parameter (TEMP_FDBK_GPIO_PIN)
2023-08-30 11:26:49,947 DEBUG [LineInfo_to_exitCode.log_LineInfo] 2023-08-30 11:26:49,947 [INFO] ImportTextPane:194 - (OptionalMessage_ERROR) IP (MotorControl) : Invalid parameter (TEMP_FDBK_GPIO_PORT)
2023-08-30 11:26:49,948 DEBUG [LineInfo_to_exitCode.log_LineInfo] 2023-08-30 11:26:49,947 [INFO] ImportTextPane:194 - (OptionalMessage_ERROR) IP (MotorControl) : Invalid parameter (TFDIFFERENTIAL_TERM_ENABLING)
2023-08-30 11:26:49,951 DEBUG [LineInfo_to_exitCode.log_LineInfo] 2023-08-30 11:26:49,950 [INFO] ImportTextPane:194 - (OptionalMessage_ERROR) IP (MotorControl) : Invalid parameter (USE_3OPAMPS)
2023-08-30 11:26:49,952 DEBUG [LineInfo_to_exitCode.log_LineInfo] 2023-08-30 11:26:49,951 [INFO] ImportTextPane:194 - (OptionalMessage_ERROR) IP (MotorControl) : Invalid parameter (VBUS_GPIO_PIN)
2023-08-30 11:26:49,953 DEBUG [LineInfo_to_exitCode.log_LineInfo] 2023-08-30 11:26:49,952 [INFO] ImportTextPane:194 - (OptionalMessage_ERROR) IP (MotorControl) : Invalid parameter (VBUS_GPIO_PORT)
2023-08-30 11:26:49,955 DEBUG [LineInfo_to_exitCode.log_LineInfo] 2023-08-30 11:26:49,954 [INFO] ImportTextPane:194 - (OptionalMessage_ERROR) IP (MotorControl) : Invalid parameter (WB_to_Mx_template_version)
2023-08-30 11:26:49,955 DEBUG [LineInfo_to_exitCode.log_LineInfo] 2023-08-30 11:26:49,955 [INFO] ImportTextPane:194 - (OptionalMessage_ERROR) IP (MotorControl) : Invalid parameter (WB_to_Mx_version)
2023-08-30 11:26:49,955 DEBUG [LineInfo_to_exitCode.log_LineInfo] 2023-08-30 11:26:49,955 [INFO] ImportTextPane:194 - (OptionalMessage_ERROR) IP (MotorControl) : Invalid parameter (WB_UI_ENCODER_HAS_INDEX_PIN)
2023-08-30 11:26:49,956 DEBUG [LineInfo_to_exitCode.log_LineInfo] 2023-08-30 11:26:49,955 [INFO] ImportTextPane:194 - (OptionalMessage_ERROR) IP (MotorControl) : Invalid parameter (WB_UI_FRICTION)
2023-08-30 11:26:49,957 DEBUG [LineInfo_to_exitCode.log_LineInfo] 2023-08-30 11:26:49,955 [INFO] ImportTextPane:194 - (OptionalMessage_ERROR) IP (MotorControl) : Invalid parameter (WB_UI_INERTIA)
2023-08-30 11:26:49,960 DEBUG [LineInfo_to_exitCode.log_LineInfo] 2023-08-30 11:26:49,955 [INFO] ImportTextPane:194 - (OptionalMessage_ERROR) IP (MotorControl) : Invalid parameter (WB_UI_MAGNETIC_STRUCTURE)
2023-08-30 11:26:49,961 DEBUG [LineInfo_to_exitCode.log_LineInfo] 2023-08-30 11:26:49,956 [INFO] ImportTextPane:194 - (OptionalMessage_ERROR) IP (MotorControl) : Invalid parameter (WB_UI_MAX_CURRENT)
2023-08-30 11:26:49,961 DEBUG [LineInfo_to_exitCode.log_LineInfo] 2023-08-30 11:26:49,956 [INFO] ImportTextPane:194 - (OptionalMessage_ERROR) IP (MotorControl) : Invalid parameter (WB_UI_MAX_NOMINAL_DC_VOLTAGE)
2023-08-30 11:26:49,962 DEBUG [LineInfo_to_exitCode.log_LineInfo] 2023-08-30 11:26:49,959 [INFO] ImportTextPane:194 - (OptionalMessage_ERROR) IP (RCC) : Invalid parameter (FamilyName)
2023-08-30 11:26:49,963 DEBUG [LineInfo_to_exitCode.log_LineInfo] 2023-08-30 11:26:49,963 [INFO] ImportTextPane:194 - (OptionalMessage_ERROR) IP (RCC) : Invalid parameter (TIM2Freq_Value)
2023-08-30 11:26:49,963 DEBUG [LineInfo_to_exitCode.log_LineInfo] 2023-08-30 11:26:49,963 [INFO] ImportTextPane:194 - (OptionalMessage_ERROR) IP (RCC) : Parameter (USBFreq_Value) has invalid value (72000000)
2023-08-30 11:26:50,547 DEBUG [LineInfo_to_exitCode.log_LineInfo] 2023-08-30 11:26:50,547 [INFO] UtilMem:75 - End LoadConfig() Used Memory: 214675936 Bytes (266338304)
2023-08-30 11:26:50,759 DEBUG [LineInfo_to_exitCode.log_LineInfo] 2023-08-30 11:26:50,759 [INFO] ThirdParty:835 - entering critical section [change project]
2023-08-30 11:26:50,759 DEBUG [LineInfo_to_exitCode.log_LineInfo] 2023-08-30 11:26:50,759 [INFO] ThirdParty:1030 - CMSIS Pack Vendor :STMicroelectronics X-CUBE-ISPU 1.1.0
2023-08-30 11:26:50,759 DEBUG [LineInfo_to_exitCode.log_LineInfo] 2023-08-30 11:26:50,759 [INFO] ThirdParty:1030 - CMSIS Pack Vendor :STMicroelectronics X-CUBE-GNSS1 6.0.0
2023-08-30 11:26:50,759 DEBUG [LineInfo_to_exitCode.log_LineInfo] 2023-08-30 11:26:50,759 [INFO] ThirdParty:1030 - CMSIS Pack Vendor :STMicroelectronics USB_HOST 2.0.0
2023-08-30 11:26:50,759 DEBUG [LineInfo_to_exitCode.log_LineInfo] 2023-08-30 11:26:50,759 [INFO] ThirdParty:1030 - CMSIS Pack Vendor :STMicroelectronics X-CUBE-AZRTOS-F4 1.1.0
2023-08-30 11:26:50,759 DEBUG [LineInfo_to_exitCode.log_LineInfo] 2023-08-30 11:26:50,759 [INFO] ThirdParty:1030 - CMSIS Pack Vendor :STMicroelectronics LIBJPEG 8.0.0
2023-08-30 11:26:50,759 DEBUG [LineInfo_to_exitCode.log_LineInfo] 2023-08-30 11:26:50,759 [INFO] ThirdParty:1030 - CMSIS Pack Vendor :STMicroelectronics X-CUBE-SMBUS 2.1.0
2023-08-30 11:26:50,760 DEBUG [LineInfo_to_exitCode.log_LineInfo] 2023-08-30 11:26:50,759 [INFO] ThirdParty:1030 - CMSIS Pack Vendor :wolfSSL I-CUBE-wolfSSL 5.6.0
2023-08-30 11:26:50,760 DEBUG [LineInfo_to_exitCode.log_LineInfo] 2023-08-30 11:26:50,759 [INFO] ThirdParty:1030 - CMSIS Pack Vendor :STMicroelectronics USB_DEVICE 3.0.0
2023-08-30 11:26:50,761 DEBUG [LineInfo_to_exitCode.log_LineInfo] 2023-08-30 11:26:50,759 [INFO] ThirdParty:1030 - CMSIS Pack Vendor :STMicroelectronics X-CUBE-AZRTOS-WB 2.0.0
2023-08-30 11:26:50,762 DEBUG [LineInfo_to_exitCode.log_LineInfo] 2023-08-30 11:26:50,759 [INFO] ThirdParty:1030 - CMSIS Pack Vendor :STMicroelectronics X-CUBE-FREERTOS 1.0.1
2023-08-30 11:26:50,762 DEBUG [LineInfo_to_exitCode.log_LineInfo] 2023-08-30 11:26:50,759 [INFO] ThirdParty:1030 - CMSIS Pack Vendor :STMicroelectronics X-CUBE-AZRTOS-F7 1.1.0
2023-08-30 11:26:50,762 DEBUG [LineInfo_to_exitCode.log_LineInfo] 2023-08-30 11:26:50,759 [INFO] ThirdParty:1030 - CMSIS Pack Vendor :STMicroelectronics X-CUBE-TOUCHGFX 4.21.4
2023-08-30 11:26:50,762 DEBUG [LineInfo_to_exitCode.log_LineInfo] 2023-08-30 11:26:50,759 [INFO] ThirdParty:1030 - CMSIS Pack Vendor :STMicroelectronics X-CUBE-AZRTOS-L5 2.0.0
2023-08-30 11:26:50,762 DEBUG [LineInfo_to_exitCode.log_LineInfo] 2023-08-30 11:26:50,759 [INFO] ThirdParty:1030 - CMSIS Pack Vendor :STMicroelectronics USB_DEVICE 2.0.0
2023-08-30 11:26:50,763 DEBUG [LineInfo_to_exitCode.log_LineInfo] 2023-08-30 11:26:50,759 [INFO] ThirdParty:1030 - CMSIS Pack Vendor :STMicroelectronics X-CUBE-MEMS1 9.6.0
2023-08-30 11:26:50,763 DEBUG [LineInfo_to_exitCode.log_LineInfo] 2023-08-30 11:26:50,759 [INFO] ThirdParty:1030 - CMSIS Pack Vendor :STMicroelectronics FP-SNS-MOTENV1 4.3.2
2023-08-30 11:26:50,763 DEBUG [LineInfo_to_exitCode.log_LineInfo] 2023-08-30 11:26:50,759 [INFO] ThirdParty:1030 - CMSIS Pack Vendor :STMicroelectronics FP-SNS-MOTENV1 4.3.1
2023-08-30 11:26:50,763 DEBUG [LineInfo_to_exitCode.log_LineInfo] 2023-08-30 11:26:50,760 [INFO] ThirdParty:1030 - CMSIS Pack Vendor :STMicroelectronics FP-SNS-FLIGHT1 5.0.1
2023-08-30 11:26:50,763 DEBUG [LineInfo_to_exitCode.log_LineInfo] 2023-08-30 11:26:50,760 [INFO] ThirdParty:1030 - CMSIS Pack Vendor :STMicroelectronics X-CUBE-ALGOBUILD 1.3.0
2023-08-30 11:26:50,763 DEBUG [LineInfo_to_exitCode.log_LineInfo] 2023-08-30 11:26:50,760 [INFO] ThirdParty:1030 - CMSIS Pack Vendor :STMicroelectronics X-CUBE-BLE1 6.2.4
2023-08-30 11:26:50,763 DEBUG [LineInfo_to_exitCode.log_LineInfo] 2023-08-30 11:26:50,760 [INFO] ThirdParty:1030 - CMSIS Pack Vendor :STMicroelectronics X-CUBE-AZRTOS-L5 1.1.0
2023-08-30 11:26:50,764 DEBUG [LineInfo_to_exitCode.log_LineInfo] 2023-08-30 11:26:50,760 [INFO] ThirdParty:1030 - CMSIS Pack Vendor :STMicroelectronics FreeRTOS 0.0.1
2023-08-30 11:26:50,764 DEBUG [LineInfo_to_exitCode.log_LineInfo] 2023-08-30 11:26:50,760 [INFO] ThirdParty:1030 - CMSIS Pack Vendor :STMicroelectronics X-CUBE-AZRTOS-G0 1.1.0
2023-08-30 11:26:50,764 DEBUG [LineInfo_to_exitCode.log_LineInfo] 2023-08-30 11:26:50,760 [INFO] ThirdParty:1030 - CMSIS Pack Vendor :emotas I-CUBE-CANOPEN 1.1.3
2023-08-30 11:26:50,765 DEBUG [LineInfo_to_exitCode.log_LineInfo] 2023-08-30 11:26:50,760 [INFO] ThirdParty:1030 - CMSIS Pack Vendor :STMicroelectronics X-CUBE-BLEMGR 2.0.0
2023-08-30 11:26:50,766 DEBUG [LineInfo_to_exitCode.log_LineInfo] 2023-08-30 11:26:50,760 [INFO] ThirdParty:1030 - CMSIS Pack Vendor :STMicroelectronics X-CUBE-AI 8.0.1
2023-08-30 11:26:50,766 DEBUG [LineInfo_to_exitCode.log_LineInfo] 2023-08-30 11:26:50,760 [INFO] ThirdParty:1030 - CMSIS Pack Vendor :STMicroelectronics X-CUBE-NFC4 3.0.0
2023-08-30 11:26:50,766 DEBUG [LineInfo_to_exitCode.log_LineInfo] 2023-08-30 11:26:50,760 [INFO] ThirdParty:1030 - CMSIS Pack Vendor :STMicroelectronics X-CUBE-SUBG2 5.0.0
2023-08-30 11:26:50,767 DEBUG [LineInfo_to_exitCode.log_LineInfo] 2023-08-30 11:26:50,761 [INFO] ThirdParty:1030 - CMSIS Pack Vendor :STMicroelectronics STM32_WPAN 1.0.0
2023-08-30 11:26:50,767 DEBUG [LineInfo_to_exitCode.log_LineInfo] 2023-08-30 11:26:50,761 [INFO] ThirdParty:1030 - CMSIS Pack Vendor :STMicroelectronics lwIP 2.0.3
2023-08-30 11:26:50,767 DEBUG [LineInfo_to_exitCode.log_LineInfo] 2023-08-30 11:26:50,761 [INFO] ThirdParty:1030 - CMSIS Pack Vendor :STMicroelectronics FP-SNS-FLIGHT1 5.0.2
2023-08-30 11:26:50,767 DEBUG [LineInfo_to_exitCode.log_LineInfo] 2023-08-30 11:26:50,761 [INFO] ThirdParty:1030 - CMSIS Pack Vendor :STMicroelectronics USB_HOST 1.0.0
2023-08-30 11:26:50,767 DEBUG [LineInfo_to_exitCode.log_LineInfo] 2023-08-30 11:26:50,761 [INFO] ThirdParty:1030 - CMSIS Pack Vendor :STMicroelectronics X-CUBE-TOF1 3.3.1
2023-08-30 11:26:50,767 DEBUG [LineInfo_to_exitCode.log_LineInfo] 2023-08-30 11:26:50,762 [INFO] ThirdParty:1030 - CMSIS Pack Vendor :STMicroelectronics X-CUBE-AZRTOS-G4 2.0.0
2023-08-30 11:26:50,767 DEBUG [LineInfo_to_exitCode.log_LineInfo] 2023-08-30 11:26:50,762 [INFO] ThirdParty:1030 - CMSIS Pack Vendor :STMicroelectronics PDM2PCM 3.1.0
2023-08-30 11:26:50,767 DEBUG [LineInfo_to_exitCode.log_LineInfo] 2023-08-30 11:26:50,762 [INFO] ThirdParty:1030 - CMSIS Pack Vendor :STMicroelectronics X-CUBE-AZRTOS-H7 3.1.0
2023-08-30 11:26:50,767 DEBUG [LineInfo_to_exitCode.log_LineInfo] 2023-08-30 11:26:50,762 [INFO] ThirdParty:1030 - CMSIS Pack Vendor :STMicroelectronics X-CUBE-TOF1 3.3.0
2023-08-30 11:26:50,768 DEBUG [LineInfo_to_exitCode.log_LineInfo] 2023-08-30 11:26:50,762 [INFO] ThirdParty:1030 - CMSIS Pack Vendor :STMicroelectronics PDM2PCM 3.3.0
2023-08-30 11:26:50,768 DEBUG [LineInfo_to_exitCode.log_LineInfo] 2023-08-30 11:26:50,762 [INFO] ThirdParty:1030 - CMSIS Pack Vendor :STMicroelectronics X-CUBE-DISPLAY 3.0.0
2023-08-30 11:26:50,768 DEBUG [LineInfo_to_exitCode.log_LineInfo] 2023-08-30 11:26:50,762 [INFO] ThirdParty:1030 - CMSIS Pack Vendor :STMicroelectronics X-CUBE-BLE1 7.0.0
2023-08-30 11:26:50,768 DEBUG [LineInfo_to_exitCode.log_LineInfo] 2023-08-30 11:26:50,762 [INFO] ThirdParty:1030 - CMSIS Pack Vendor :STMicroelectronics FP-ATR-SIGFOX1 3.2.0
2023-08-30 11:26:50,768 DEBUG [LineInfo_to_exitCode.log_LineInfo] 2023-08-30 11:26:50,762 [INFO] ThirdParty:1030 - CMSIS Pack Vendor :STMicroelectronics HAL Drivers 0.0.0
2023-08-30 11:26:50,769 DEBUG [LineInfo_to_exitCode.log_LineInfo] 2023-08-30 11:26:50,762 [INFO] ThirdParty:1030 - CMSIS Pack Vendor :STMicroelectronics MBEDTLS 2.16.2
2023-08-30 11:26:50,770 DEBUG [LineInfo_to_exitCode.log_LineInfo] 2023-08-30 11:26:50,762 [INFO] ThirdParty:1030 - CMSIS Pack Vendor :STMicroelectronics X-CUBE-FREERTOS 1.1.0
2023-08-30 11:26:50,770 DEBUG [LineInfo_to_exitCode.log_LineInfo] 2023-08-30 11:26:50,762 [INFO] ThirdParty:1030 - CMSIS Pack Vendor :STMicroelectronics X-CUBE-TOUCHGFX 4.22.0
2023-08-30 11:26:50,771 DEBUG [LineInfo_to_exitCode.log_LineInfo] 2023-08-30 11:26:50,762 [INFO] ThirdParty:1030 - CMSIS Pack Vendor :STMicroelectronics X-CUBE-NFC7 1.0.1
2023-08-30 11:26:50,771 DEBUG [LineInfo_to_exitCode.log_LineInfo] 2023-08-30 11:26:50,762 [INFO] ThirdParty:1030 - CMSIS Pack Vendor :STMicroelectronics MBEDTLS 2.14.1
2023-08-30 11:26:50,771 DEBUG [LineInfo_to_exitCode.log_LineInfo] 2023-08-30 11:26:50,763 [INFO] ThirdParty:1030 - CMSIS Pack Vendor :STMicroelectronics X-CUBE-EEPRMA1 4.1.0
2023-08-30 11:26:50,771 DEBUG [LineInfo_to_exitCode.log_LineInfo] 2023-08-30 11:26:50,763 [INFO] ThirdParty:1030 - CMSIS Pack Vendor :portGmbH I-Cube-SoM-uGOAL 1.1.0
2023-08-30 11:26:50,771 DEBUG [LineInfo_to_exitCode.log_LineInfo] 2023-08-30 11:26:50,763 [INFO] ThirdParty:1030 - CMSIS Pack Vendor :STMicroelectronics X-CUBE-ALS 1.0.1
2023-08-30 11:26:50,771 DEBUG [LineInfo_to_exitCode.log_LineInfo] 2023-08-30 11:26:50,763 [INFO] ThirdParty:1030 - CMSIS Pack Vendor :STMicroelectronics ThreadX 1.0.0
2023-08-30 11:26:50,771 DEBUG [LineInfo_to_exitCode.log_LineInfo] 2023-08-30 11:26:50,763 [INFO] ThirdParty:1030 - CMSIS Pack Vendor :STMicroelectronics X-CUBE-AZRTOS-WB 1.1.0
2023-08-30 11:26:50,771 DEBUG [LineInfo_to_exitCode.log_LineInfo] 2023-08-30 11:26:50,763 [INFO] ThirdParty:1030 - CMSIS Pack Vendor :STMicroelectronics X-CUBE-AZRTOS-WL 2.0.0
2023-08-30 11:26:50,772 DEBUG [LineInfo_to_exitCode.log_LineInfo] 2023-08-30 11:26:50,763 [INFO] ThirdParty:1030 - CMSIS Pack Vendor :SEGGER I-CUBE-embOS 1.3.1
2023-08-30 11:26:50,772 DEBUG [LineInfo_to_exitCode.log_LineInfo] 2023-08-30 11:26:50,763 [INFO] ThirdParty:1030 - CMSIS Pack Vendor :STMicroelectronics USB_DEVICE 1.0.0
2023-08-30 11:26:50,772 DEBUG [LineInfo_to_exitCode.log_LineInfo] 2023-08-30 11:26:50,763 [INFO] ThirdParty:1030 - CMSIS Pack Vendor :STMicroelectronics X-CUBE-AI 8.1.0
2023-08-30 11:26:50,772 DEBUG [LineInfo_to_exitCode.log_LineInfo] 2023-08-30 11:26:50,763 [INFO] ThirdParty:1030 - CMSIS Pack Vendor :STMicroelectronics X-CUBE-AZRTOS-L4 2.0.0
2023-08-30 11:26:50,772 DEBUG [LineInfo_to_exitCode.log_LineInfo] 2023-08-30 11:26:50,763 [INFO] ThirdParty:1030 - CMSIS Pack Vendor :STMicroelectronics ThreadX 0.0.2
2023-08-30 11:26:50,773 DEBUG [LineInfo_to_exitCode.log_LineInfo] 2023-08-30 11:26:50,763 [INFO] ThirdParty:1030 - CMSIS Pack Vendor :WES I-CUBE-Cesium 1.3.0
2023-08-30 11:26:50,773 DEBUG [LineInfo_to_exitCode.log_LineInfo] 2023-08-30 11:26:50,763 [INFO] ThirdParty:1030 - CMSIS Pack Vendor :STMicroelectronics FP-ATR-ASTRA1 2.0.0
2023-08-30 11:26:50,773 DEBUG [LineInfo_to_exitCode.log_LineInfo] 2023-08-30 11:26:50,763 [INFO] ThirdParty:1030 - CMSIS Pack Vendor :STMicroelectronics lwIP 2.1.2
2023-08-30 11:26:50,774 DEBUG [LineInfo_to_exitCode.log_LineInfo] 2023-08-30 11:26:50,763 [INFO] ThirdParty:1030 - CMSIS Pack Vendor :STMicroelectronics X-CUBE-SFXS2LP1 4.0.0
2023-08-30 11:26:50,775 DEBUG [LineInfo_to_exitCode.log_LineInfo] 2023-08-30 11:26:50,763 [INFO] ThirdParty:1030 - CMSIS Pack Vendor :STMicroelectronics X-CUBE-BLE2 3.3.0
2023-08-30 11:26:50,775 DEBUG [LineInfo_to_exitCode.log_LineInfo] 2023-08-30 11:26:50,763 [INFO] ThirdParty:1030 - CMSIS Pack Vendor :STMicroelectronics PDM2PCM 3.2.0
2023-08-30 11:26:50,775 DEBUG [LineInfo_to_exitCode.log_LineInfo] 2023-08-30 11:26:50,763 [INFO] ThirdParty:841 - exiting critical section [change project]
2023-08-30 11:26:51,400 DEBUG [LineInfo_to_exitCode.log_LineInfo] 2023-08-30 11:26:51,400 [INFO] PinOutPanel:1499 - setPackage(No Configuration,No Configuration)
2023-08-30 11:26:51,403 DEBUG [LineInfo_to_exitCode.log_LineInfo] 2023-08-30 11:26:51,403 [INFO] PinOutPanel:1499 - setPackage(STM32F302R8Tx,LQFP64)
2023-08-30 11:26:52,829 DEBUG [LineInfo_to_exitCode.log_LineInfo] 2023-08-30 11:26:52,828 [INFO] UtilMem:75 - Before build in PCC Used Memory: 196066848 Bytes (319815680)
2023-08-30 11:26:53,912 DEBUG [LineInfo_to_exitCode.log_LineInfo] 2023-08-30 11:26:53,911 [INFO] UtilMem:75 - After build in PCC Used Memory: 227799056 Bytes (319815680)
2023-08-30 11:26:54,259 DEBUG [LineInfo_to_exitCode.log_LineInfo] 2023-08-30 11:26:54,259 [INFO] ApiDbMcu:507 - Load IP Config File for MotorControl
2023-08-30 11:26:54,309 DEBUG [LineInfo_to_exitCode.log_LineInfo] 2023-08-30 11:26:54,309 [INFO] IPUIPlugin:80 - create IPUIPlugin
2023-08-30 11:26:54,309 DEBUG [LineInfo_to_exitCode.log_LineInfo] 2023-08-30 11:26:54,309 [INFO] IPUIPlugin:80 - create IPUIPlugin
2023-08-30 11:26:54,310 DEBUG [LineInfo_to_exitCode.log_LineInfo] 2023-08-30 11:26:54,309 [INFO] IPUIPlugin:80 - create IPUIPlugin
2023-08-30 11:26:54,310 DEBUG [LineInfo_to_exitCode.log_LineInfo] 2023-08-30 11:26:54,309 [INFO] IPUIPlugin:80 - create IPUIPlugin
2023-08-30 11:26:54,310 DEBUG [LineInfo_to_exitCode.log_LineInfo] 2023-08-30 11:26:54,309 [INFO] IPUIPlugin:80 - create IPUIPlugin
2023-08-30 11:26:54,310 DEBUG [LineInfo_to_exitCode.log_LineInfo] 2023-08-30 11:26:54,309 [INFO] IPUIPlugin:80 - create IPUIPlugin
2023-08-30 11:26:54,311 DEBUG [LineInfo_to_exitCode.log_LineInfo] 2023-08-30 11:26:54,310 [INFO] IPUIPlugin:80 - create IPUIPlugin
2023-08-30 11:26:54,311 DEBUG [LineInfo_to_exitCode.log_LineInfo] 2023-08-30 11:26:54,310 [INFO] IPUIPlugin:80 - create IPUIPlugin
2023-08-30 11:26:54,312 DEBUG [LineInfo_to_exitCode.log_LineInfo] 2023-08-30 11:26:54,310 [INFO] IPUIPlugin:80 - create IPUIPlugin
2023-08-30 11:26:54,312 DEBUG [LineInfo_to_exitCode.log_LineInfo] 2023-08-30 11:26:54,310 [INFO] IPUIPlugin:80 - create IPUIPlugin
2023-08-30 11:26:54,312 DEBUG [LineInfo_to_exitCode.log_LineInfo] 2023-08-30 11:26:54,310 [INFO] IPUIPlugin:80 - create IPUIPlugin
2023-08-30 11:26:54,312 DEBUG [LineInfo_to_exitCode.log_LineInfo] 2023-08-30 11:26:54,311 [INFO] IPUIPlugin:80 - create IPUIPlugin
2023-08-30 11:26:54,312 DEBUG [LineInfo_to_exitCode.log_LineInfo] 2023-08-30 11:26:54,311 [INFO] IPUIPlugin:80 - create IPUIPlugin
2023-08-30 11:26:54,313 DEBUG [LineInfo_to_exitCode.log_LineInfo] 2023-08-30 11:26:54,311 [INFO] IPUIPlugin:80 - create IPUIPlugin
2023-08-30 11:26:54,313 DEBUG [LineInfo_to_exitCode.log_LineInfo] 2023-08-30 11:26:54,312 [INFO] IPUIPlugin:80 - create IPUIPlugin
2023-08-30 11:26:54,313 DEBUG [LineInfo_to_exitCode.log_LineInfo] 2023-08-30 11:26:54,312 [INFO] IPUIPlugin:80 - create IPUIPlugin
2023-08-30 11:26:54,313 DEBUG [LineInfo_to_exitCode.log_LineInfo] 2023-08-30 11:26:54,313 [INFO] IPUIPlugin:80 - create IPUIPlugin
2023-08-30 11:26:54,313 DEBUG [LineInfo_to_exitCode.log_LineInfo] 2023-08-30 11:26:54,313 [INFO] IPUIPlugin:80 - create IPUIPlugin
2023-08-30 11:26:54,313 DEBUG [LineInfo_to_exitCode.log_LineInfo] 2023-08-30 11:26:54,313 [INFO] IPUIPlugin:80 - create IPUIPlugin
2023-08-30 11:26:54,313 DEBUG [LineInfo_to_exitCode.log_LineInfo] 2023-08-30 11:26:54,313 [INFO] IPUIPlugin:80 - create IPUIPlugin
2023-08-30 11:26:54,314 DEBUG [LineInfo_to_exitCode.log_LineInfo] 2023-08-30 11:26:54,313 [INFO] IPUIPlugin:80 - create IPUIPlugin
2023-08-30 11:26:54,314 DEBUG [LineInfo_to_exitCode.log_LineInfo] 2023-08-30 11:26:54,314 [INFO] IPUIPlugin:80 - create IPUIPlugin
2023-08-30 11:26:54,315 DEBUG [LineInfo_to_exitCode.log_LineInfo] 2023-08-30 11:26:54,314 [INFO] IPUIPlugin:80 - create IPUIPlugin
2023-08-30 11:26:54,316 DEBUG [LineInfo_to_exitCode.log_LineInfo] 2023-08-30 11:26:54,316 [INFO] IPUIPlugin:80 - create IPUIPlugin
2023-08-30 11:26:54,317 DEBUG [LineInfo_to_exitCode.log_LineInfo] 2023-08-30 11:26:54,316 [INFO] IPUIPlugin:80 - create IPUIPlugin
2023-08-30 11:26:54,317 DEBUG [LineInfo_to_exitCode.log_LineInfo] 2023-08-30 11:26:54,317 [INFO] IPUIPlugin:80 - create IPUIPlugin
2023-08-30 11:26:54,317 DEBUG [LineInfo_to_exitCode.log_LineInfo] 2023-08-30 11:26:54,317 [INFO] IPUIPlugin:80 - create IPUIPlugin
2023-08-30 11:26:54,317 DEBUG [LineInfo_to_exitCode.log_LineInfo] 2023-08-30 11:26:54,317 [INFO] IPUIPlugin:80 - create IPUIPlugin
2023-08-30 11:26:54,318 DEBUG [LineInfo_to_exitCode.log_LineInfo] 2023-08-30 11:26:54,317 [INFO] IPUIPlugin:80 - create IPUIPlugin
2023-08-30 11:26:54,318 DEBUG [LineInfo_to_exitCode.log_LineInfo] 2023-08-30 11:26:54,318 [INFO] IPUIPlugin:80 - create IPUIPlugin
2023-08-30 11:26:54,318 DEBUG [LineInfo_to_exitCode.log_LineInfo] 2023-08-30 11:26:54,318 [INFO] IPUIPlugin:80 - create IPUIPlugin
2023-08-30 11:26:54,318 DEBUG [LineInfo_to_exitCode.log_LineInfo] 2023-08-30 11:26:54,318 [INFO] IPUIPlugin:80 - create IPUIPlugin
2023-08-30 11:26:54,325 DEBUG [LineInfo_to_exitCode.log_LineInfo] 2023-08-30 11:26:54,319 [INFO] IPUIPlugin:80 - create IPUIPlugin
2023-08-30 11:26:54,326 DEBUG [LineInfo_to_exitCode.log_LineInfo] 2023-08-30 11:26:54,320 [INFO] IPUIPlugin:80 - create IPUIPlugin
2023-08-30 11:26:54,326 DEBUG [LineInfo_to_exitCode.log_LineInfo] 2023-08-30 11:26:54,321 [INFO] IPUIPlugin:80 - create IPUIPlugin
2023-08-30 11:26:54,326 DEBUG [LineInfo_to_exitCode.log_LineInfo] 2023-08-30 11:26:54,321 [INFO] IPUIPlugin:80 - create IPUIPlugin
2023-08-30 11:26:54,326 DEBUG [LineInfo_to_exitCode.log_LineInfo] 2023-08-30 11:26:54,322 [INFO] IPUIPlugin:80 - create IPUIPlugin
2023-08-30 11:26:54,326 DEBUG [LineInfo_to_exitCode.log_LineInfo] 2023-08-30 11:26:54,322 [INFO] IPUIPlugin:80 - create IPUIPlugin
2023-08-30 11:26:54,326 DEBUG [LineInfo_to_exitCode.log_LineInfo] 2023-08-30 11:26:54,323 [INFO] IPUIPlugin:80 - create IPUIPlugin
2023-08-30 11:26:54,327 DEBUG [LineInfo_to_exitCode.log_LineInfo] 2023-08-30 11:26:54,324 [INFO] IPUIPlugin:80 - create IPUIPlugin
2023-08-30 11:26:54,886 DEBUG [LineInfo_to_exitCode.log_LineInfo] 2023-08-30 11:26:54,885 [INFO] CADModel:165 - CPN selected for project levelSTM32F302R8T6
2023-08-30 11:26:54,887 DEBUG [LineInfo_to_exitCode.log_LineInfo] 2023-08-30 11:26:54,886 [INFO] CADModel:114 - Register for checkConnection events
2023-08-30 11:26:55,202 DEBUG [LineInfo_to_exitCode.log_LineInfo] 2023-08-30 11:26:55,201 [INFO] OpenFileManager:328 - Restore cursor
2023-08-30 11:26:55,833 DEBUG [LineInfo_to_exitCode.log_LineInfo] 2023-08-30 11:26:55,832 [INFO] UtilMem:75 - End SaveConfig() Used Memory: 205533184 Bytes (319815680)
2023-08-30 11:26:56,696 DEBUG [LineInfo_to_exitCode.log_LineInfo] 2023-08-30 11:26:56,696 [INFO] BlockDiagram:2759 - set Specific Code input for plugin: NVIC
2023-08-30 11:26:56,696 DEBUG [LineInfo_to_exitCode.log_LineInfo] 2023-08-30 11:26:56,696 [INFO] BlockDiagram:2759 - set Specific Code input for plugin: MotorControl
2023-08-30 11:26:56,697 DEBUG [LineInfo_to_exitCode.log_LineInfo] 2023-08-30 11:26:56,696 [INFO] BlockDiagram:2759 - set Specific Code input for plugin: TIM1_8F3
2023-08-30 11:26:56,697 DEBUG [LineInfo_to_exitCode.log_LineInfo] 2023-08-30 11:26:56,696 [INFO] BlockDiagram:2759 - set Specific Code input for plugin: SYS
2023-08-30 11:26:56,697 DEBUG [LineInfo_to_exitCode.log_LineInfo] 2023-08-30 11:26:56,697 [INFO] BlockDiagram:2759 - set Specific Code input for plugin: GPIO
2023-08-30 11:26:56,697 DEBUG [LineInfo_to_exitCode.log_LineInfo] 2023-08-30 11:26:56,697 [INFO] BlockDiagram:2759 - set Specific Code input for plugin: ADC
2023-08-30 11:26:56,697 DEBUG [LineInfo_to_exitCode.log_LineInfo] 2023-08-30 11:26:56,697 [INFO] BlockDiagram:2759 - set Specific Code input for plugin: RCC
2023-08-30 11:26:56,705 DEBUG [LineInfo_to_exitCode.log_LineInfo] 2023-08-30 11:26:56,705 [INFO] CodeGenerator:793 - code generatio: config db path: C:\Program Files\STMicroelectronics\STM32Cube\STM32CubeMX\\db\
2023-08-30 11:26:57,416 DEBUG [LineInfo_to_exitCode.log_LineInfo] 2023-08-30 11:26:57,415 [INFO] CodeEngine:255 - oldGeneratedFile, C:\Users\louib\.st_workbench\projects\Torque_Control\MXTmpFiles\license.tmp_save
2023-08-30 11:26:58,098 DEBUG [LineInfo_to_exitCode.log_LineInfo] 2023-08-30 11:26:58,097 [INFO] CodeEngine:279 - Generated code: C:\Users\louib\.st_workbench\projects\Torque_Control\MXTmpFiles\license.tmp
2023-08-30 11:26:58,245 DEBUG [LineInfo_to_exitCode.log_LineInfo] 2023-08-30 11:26:58,244 [INFO] CodeEngine:255 - oldGeneratedFile, C:\Users\louib\.st_workbench\projects\Torque_Control\MXTmpFiles\gpio.tmp_save
2023-08-30 11:26:58,388 DEBUG [LineInfo_to_exitCode.log_LineInfo] 2023-08-30 11:26:58,388 [INFO] CodeEngine:279 - Generated code: C:\Users\louib\.st_workbench\projects\Torque_Control\MXTmpFiles\gpio.tmp
2023-08-30 11:26:58,950 DEBUG [LineInfo_to_exitCode.log_LineInfo] 2023-08-30 11:26:58,949 [INFO] Middleware:1439 - No code input for Bsp Dependency
2023-08-30 11:26:59,172 DEBUG [LineInfo_to_exitCode.log_LineInfo] 2023-08-30 11:26:59,172 [INFO] Middleware:1439 - No code input for Bsp Dependency
2023-08-30 11:26:59,220 DEBUG [LineInfo_to_exitCode.log_LineInfo] 2023-08-30 11:26:59,219 [INFO] CodeEngine:255 - oldGeneratedFile, C:\Users\louib\.st_workbench\projects\Torque_Control\Src\motorcontrol.c_save
2023-08-30 11:26:59,355 INFO  [LineInfo_to_exitCode.log_LineInfo] Generated code: C:\Users\louib\.st_workbench\projects\Torque_Control\Src\motorcontrol.c
2023-08-30 11:26:59,365 DEBUG [LineInfo_to_exitCode.log_LineInfo] 2023-08-30 11:26:59,364 [INFO] CodeEngine:255 - oldGeneratedFile, C:\Users\louib\.st_workbench\projects\Torque_Control\Inc\motorcontrol.h_save
2023-08-30 11:26:59,466 INFO  [LineInfo_to_exitCode.log_LineInfo] Generated code: C:\Users\louib\.st_workbench\projects\Torque_Control\Inc\motorcontrol.h
2023-08-30 11:26:59,475 DEBUG [LineInfo_to_exitCode.log_LineInfo] 2023-08-30 11:26:59,475 [INFO] CodeEngine:255 - oldGeneratedFile, C:\Users\louib\.st_workbench\projects\Torque_Control\Inc\drive_parameters.h_save
2023-08-30 11:26:59,651 INFO  [LineInfo_to_exitCode.log_LineInfo] Generated code: C:\Users\louib\.st_workbench\projects\Torque_Control\Inc\drive_parameters.h
2023-08-30 11:26:59,661 DEBUG [LineInfo_to_exitCode.log_LineInfo] 2023-08-30 11:26:59,660 [INFO] CodeEngine:255 - oldGeneratedFile, C:\Users\louib\.st_workbench\projects\Torque_Control\Inc\mc_tasks.h_save
2023-08-30 11:26:59,764 INFO  [LineInfo_to_exitCode.log_LineInfo] Generated code: C:\Users\louib\.st_workbench\projects\Torque_Control\Inc\mc_tasks.h
2023-08-30 11:26:59,772 DEBUG [LineInfo_to_exitCode.log_LineInfo] 2023-08-30 11:26:59,772 [INFO] CodeEngine:255 - oldGeneratedFile, C:\Users\louib\.st_workbench\projects\Torque_Control\Src\mc_api.c_save
2023-08-30 11:26:59,884 INFO  [LineInfo_to_exitCode.log_LineInfo] Generated code: C:\Users\louib\.st_workbench\projects\Torque_Control\Src\mc_api.c
2023-08-30 11:26:59,895 DEBUG [LineInfo_to_exitCode.log_LineInfo] 2023-08-30 11:26:59,894 [INFO] CodeEngine:255 - oldGeneratedFile, C:\Users\louib\.st_workbench\projects\Torque_Control\Inc\mc_api.h_save
2023-08-30 11:26:59,993 INFO  [LineInfo_to_exitCode.log_LineInfo] Generated code: C:\Users\louib\.st_workbench\projects\Torque_Control\Inc\mc_api.h
2023-08-30 11:27:00,004 DEBUG [LineInfo_to_exitCode.log_LineInfo] 2023-08-30 11:27:00,004 [INFO] CodeEngine:255 - oldGeneratedFile, C:\Users\louib\.st_workbench\projects\Torque_Control\Src\mc_config.c_save
2023-08-30 11:27:00,150 INFO  [LineInfo_to_exitCode.log_LineInfo] Generated code: C:\Users\louib\.st_workbench\projects\Torque_Control\Src\mc_config.c
2023-08-30 11:27:00,160 DEBUG [LineInfo_to_exitCode.log_LineInfo] 2023-08-30 11:27:00,160 [INFO] CodeEngine:255 - oldGeneratedFile, C:\Users\louib\.st_workbench\projects\Torque_Control\Inc\mc_config.h_save
2023-08-30 11:27:00,295 INFO  [LineInfo_to_exitCode.log_LineInfo] Generated code: C:\Users\louib\.st_workbench\projects\Torque_Control\Inc\mc_config.h
2023-08-30 11:27:00,315 DEBUG [LineInfo_to_exitCode.log_LineInfo] 2023-08-30 11:27:00,314 [INFO] CodeEngine:255 - oldGeneratedFile, C:\Users\louib\.st_workbench\projects\Torque_Control\Inc\mc_stm_types.h_save
2023-08-30 11:27:00,433 INFO  [LineInfo_to_exitCode.log_LineInfo] Generated code: C:\Users\louib\.st_workbench\projects\Torque_Control\Inc\mc_stm_types.h
2023-08-30 11:27:00,442 DEBUG [LineInfo_to_exitCode.log_LineInfo] 2023-08-30 11:27:00,442 [INFO] CodeEngine:255 - oldGeneratedFile, C:\Users\louib\.st_workbench\projects\Torque_Control\Src\mc_tasks.c_save
2023-08-30 11:27:00,615 INFO  [LineInfo_to_exitCode.log_LineInfo] Generated code: C:\Users\louib\.st_workbench\projects\Torque_Control\Src\mc_tasks.c
2023-08-30 11:27:00,626 DEBUG [LineInfo_to_exitCode.log_LineInfo] 2023-08-30 11:27:00,625 [INFO] CodeEngine:255 - oldGeneratedFile, C:\Users\louib\.st_workbench\projects\Torque_Control\Src\pwm_curr_fdbk.c_save
2023-08-30 11:27:00,724 INFO  [LineInfo_to_exitCode.log_LineInfo] Generated code: C:\Users\louib\.st_workbench\projects\Torque_Control\Src\pwm_curr_fdbk.c
2023-08-30 11:27:00,735 DEBUG [LineInfo_to_exitCode.log_LineInfo] 2023-08-30 11:27:00,734 [INFO] CodeEngine:255 - oldGeneratedFile, C:\Users\louib\.st_workbench\projects\Torque_Control\Src\regular_conversion_manager.c_save
2023-08-30 11:27:00,851 INFO  [LineInfo_to_exitCode.log_LineInfo] Generated code: C:\Users\louib\.st_workbench\projects\Torque_Control\Src\regular_conversion_manager.c
2023-08-30 11:27:00,863 DEBUG [LineInfo_to_exitCode.log_LineInfo] 2023-08-30 11:27:00,863 [INFO] CodeEngine:255 - oldGeneratedFile, C:\Users\louib\.st_workbench\projects\Torque_Control\Inc\regular_conversion_manager.h_save
2023-08-30 11:27:00,972 INFO  [LineInfo_to_exitCode.log_LineInfo] Generated code: C:\Users\louib\.st_workbench\projects\Torque_Control\Inc\regular_conversion_manager.h
2023-08-30 11:27:00,984 DEBUG [LineInfo_to_exitCode.log_LineInfo] 2023-08-30 11:27:00,984 [INFO] CodeEngine:255 - oldGeneratedFile, C:\Users\louib\.st_workbench\projects\Torque_Control\Src\mc_math.c_save
2023-08-30 11:27:01,068 INFO  [LineInfo_to_exitCode.log_LineInfo] Generated code: C:\Users\louib\.st_workbench\projects\Torque_Control\Src\mc_math.c
2023-08-30 11:27:01,077 DEBUG [LineInfo_to_exitCode.log_LineInfo] 2023-08-30 11:27:01,076 [INFO] CodeEngine:255 - oldGeneratedFile, C:\Users\louib\.st_workbench\projects\Torque_Control\Inc\mc_math.h_save
2023-08-30 11:27:01,176 INFO  [LineInfo_to_exitCode.log_LineInfo] Generated code: C:\Users\louib\.st_workbench\projects\Torque_Control\Inc\mc_math.h
2023-08-30 11:27:01,185 DEBUG [LineInfo_to_exitCode.log_LineInfo] 2023-08-30 11:27:01,185 [INFO] CodeEngine:255 - oldGeneratedFile, C:\Users\louib\.st_workbench\projects\Torque_Control\Src\mc_interface.c_save
2023-08-30 11:27:01,336 INFO  [LineInfo_to_exitCode.log_LineInfo] Generated code: C:\Users\louib\.st_workbench\projects\Torque_Control\Src\mc_interface.c
2023-08-30 11:27:01,348 DEBUG [LineInfo_to_exitCode.log_LineInfo] 2023-08-30 11:27:01,348 [INFO] CodeEngine:255 - oldGeneratedFile, C:\Users\louib\.st_workbench\projects\Torque_Control\Inc\mc_interface.h_save
2023-08-30 11:27:01,469 INFO  [LineInfo_to_exitCode.log_LineInfo] Generated code: C:\Users\louib\.st_workbench\projects\Torque_Control\Inc\mc_interface.h
2023-08-30 11:27:01,481 DEBUG [LineInfo_to_exitCode.log_LineInfo] 2023-08-30 11:27:01,480 [INFO] CodeEngine:255 - oldGeneratedFile, C:\Users\louib\.st_workbench\projects\Torque_Control\Inc\parameters_conversion.h_save
2023-08-30 11:27:01,652 INFO  [LineInfo_to_exitCode.log_LineInfo] Generated code: C:\Users\louib\.st_workbench\projects\Torque_Control\Inc\parameters_conversion.h
2023-08-30 11:27:01,661 DEBUG [LineInfo_to_exitCode.log_LineInfo] 2023-08-30 11:27:01,661 [INFO] CodeEngine:255 - oldGeneratedFile, C:\Users\louib\.st_workbench\projects\Torque_Control\Inc\parameters_conversion_f30x.h_save
2023-08-30 11:27:01,786 INFO  [LineInfo_to_exitCode.log_LineInfo] Generated code: C:\Users\louib\.st_workbench\projects\Torque_Control\Inc\parameters_conversion_f30x.h
2023-08-30 11:27:01,797 DEBUG [LineInfo_to_exitCode.log_LineInfo] 2023-08-30 11:27:01,796 [INFO] CodeEngine:255 - oldGeneratedFile, C:\Users\louib\.st_workbench\projects\Torque_Control\Inc\pmsm_motor_parameters.h_save
2023-08-30 11:27:01,911 INFO  [LineInfo_to_exitCode.log_LineInfo] Generated code: C:\Users\louib\.st_workbench\projects\Torque_Control\Inc\pmsm_motor_parameters.h
2023-08-30 11:27:01,921 DEBUG [LineInfo_to_exitCode.log_LineInfo] 2023-08-30 11:27:01,921 [INFO] CodeEngine:255 - oldGeneratedFile, C:\Users\louib\.st_workbench\projects\Torque_Control\Inc\power_stage_parameters.h_save
2023-08-30 11:27:02,017 INFO  [LineInfo_to_exitCode.log_LineInfo] Generated code: C:\Users\louib\.st_workbench\projects\Torque_Control\Inc\power_stage_parameters.h
2023-08-30 11:27:02,026 DEBUG [LineInfo_to_exitCode.log_LineInfo] 2023-08-30 11:27:02,026 [INFO] CodeEngine:255 - oldGeneratedFile, C:\Users\louib\.st_workbench\projects\Torque_Control\Src\stm32f30x_mc_it.c_save
2023-08-30 11:27:02,116 INFO  [LineInfo_to_exitCode.log_LineInfo] Generated code: C:\Users\louib\.st_workbench\projects\Torque_Control\Src\stm32f30x_mc_it.c
2023-08-30 11:27:02,125 DEBUG [LineInfo_to_exitCode.log_LineInfo] 2023-08-30 11:27:02,125 [INFO] CodeEngine:255 - oldGeneratedFile, C:\Users\louib\.st_workbench\projects\Torque_Control\Inc\mc_parameters.h_save
2023-08-30 11:27:02,222 INFO  [LineInfo_to_exitCode.log_LineInfo] Generated code: C:\Users\louib\.st_workbench\projects\Torque_Control\Inc\mc_parameters.h
2023-08-30 11:27:02,233 DEBUG [LineInfo_to_exitCode.log_LineInfo] 2023-08-30 11:27:02,232 [INFO] CodeEngine:255 - oldGeneratedFile, C:\Users\louib\.st_workbench\projects\Torque_Control\Src\mc_parameters.c_save
2023-08-30 11:27:02,512 INFO  [LineInfo_to_exitCode.log_LineInfo] Generated code: C:\Users\louib\.st_workbench\projects\Torque_Control\Src\mc_parameters.c
2023-08-30 11:27:02,520 DEBUG [LineInfo_to_exitCode.log_LineInfo] 2023-08-30 11:27:02,520 [INFO] CodeEngine:255 - oldGeneratedFile, C:\Users\louib\.st_workbench\projects\Torque_Control\Src\register_interface.c_save
2023-08-30 11:27:02,667 INFO  [LineInfo_to_exitCode.log_LineInfo] Generated code: C:\Users\louib\.st_workbench\projects\Torque_Control\Src\register_interface.c
2023-08-30 11:27:02,677 DEBUG [LineInfo_to_exitCode.log_LineInfo] 2023-08-30 11:27:02,677 [INFO] CodeEngine:255 - oldGeneratedFile, C:\Users\louib\.st_workbench\projects\Torque_Control\Inc\mc_perf.h_save
2023-08-30 11:27:02,817 INFO  [LineInfo_to_exitCode.log_LineInfo] Generated code: C:\Users\louib\.st_workbench\projects\Torque_Control\Inc\mc_perf.h
2023-08-30 11:27:02,832 DEBUG [LineInfo_to_exitCode.log_LineInfo] 2023-08-30 11:27:02,831 [INFO] CodeEngine:255 - oldGeneratedFile, C:\Users\louib\.st_workbench\projects\Torque_Control\Src\mc_perf.c_save
2023-08-30 11:27:02,944 INFO  [LineInfo_to_exitCode.log_LineInfo] Generated code: C:\Users\louib\.st_workbench\projects\Torque_Control\Src\mc_perf.c
2023-08-30 11:27:02,955 DEBUG [LineInfo_to_exitCode.log_LineInfo] 2023-08-30 11:27:02,955 [INFO] CodeEngine:255 - oldGeneratedFile, C:\Users\louib\.st_workbench\projects\Torque_Control\Inc\register_interface.h_save
2023-08-30 11:27:03,062 INFO  [LineInfo_to_exitCode.log_LineInfo] Generated code: C:\Users\louib\.st_workbench\projects\Torque_Control\Inc\register_interface.h
2023-08-30 11:27:03,071 DEBUG [LineInfo_to_exitCode.log_LineInfo] 2023-08-30 11:27:03,071 [INFO] CodeEngine:255 - oldGeneratedFile, C:\Users\louib\.st_workbench\projects\Torque_Control\Src\mc_configuration_registers.c_save
2023-08-30 11:27:03,199 INFO  [LineInfo_to_exitCode.log_LineInfo] Generated code: C:\Users\louib\.st_workbench\projects\Torque_Control\Src\mc_configuration_registers.c
2023-08-30 11:27:03,212 DEBUG [LineInfo_to_exitCode.log_LineInfo] 2023-08-30 11:27:03,211 [INFO] CodeEngine:255 - oldGeneratedFile, C:\Users\louib\.st_workbench\projects\Torque_Control\Inc\mc_configuration_registers.h_save
2023-08-30 11:27:03,350 INFO  [LineInfo_to_exitCode.log_LineInfo] Generated code: C:\Users\louib\.st_workbench\projects\Torque_Control\Inc\mc_configuration_registers.h
2023-08-30 11:27:03,361 DEBUG [LineInfo_to_exitCode.log_LineInfo] 2023-08-30 11:27:03,361 [INFO] CodeEngine:255 - oldGeneratedFile, C:\Users\louib\.st_workbench\projects\Torque_Control\Inc\mc_app_hooks.h_save
2023-08-30 11:27:03,495 INFO  [LineInfo_to_exitCode.log_LineInfo] Generated code: C:\Users\louib\.st_workbench\projects\Torque_Control\Inc\mc_app_hooks.h
2023-08-30 11:27:03,511 DEBUG [LineInfo_to_exitCode.log_LineInfo] 2023-08-30 11:27:03,511 [INFO] CodeEngine:255 - oldGeneratedFile, C:\Users\louib\.st_workbench\projects\Torque_Control\Src\mc_app_hooks.c_save
2023-08-30 11:27:03,629 INFO  [LineInfo_to_exitCode.log_LineInfo] Generated code: C:\Users\louib\.st_workbench\projects\Torque_Control\Src\mc_app_hooks.c
2023-08-30 11:27:03,664 DEBUG [LineInfo_to_exitCode.log_LineInfo] 2023-08-30 11:27:03,663 [INFO] CodeEngine:255 - oldGeneratedFile, C:\Users\louib\.st_workbench\projects\Torque_Control\Src\stm32f3xx_it.c_save
2023-08-30 11:27:03,798 INFO  [LineInfo_to_exitCode.log_LineInfo] Generated code: C:\Users\louib\.st_workbench\projects\Torque_Control\Src\stm32f3xx_it.c
2023-08-30 11:27:03,805 DEBUG [LineInfo_to_exitCode.log_LineInfo] 2023-08-30 11:27:03,804 [INFO] CodeEngine:255 - oldGeneratedFile, C:\Users\louib\.st_workbench\projects\Torque_Control\Inc\stm32f3xx_it.h_save
2023-08-30 11:27:03,907 INFO  [LineInfo_to_exitCode.log_LineInfo] Generated code: C:\Users\louib\.st_workbench\projects\Torque_Control\Inc\stm32f3xx_it.h
2023-08-30 11:27:03,929 DEBUG [LineInfo_to_exitCode.log_LineInfo] 2023-08-30 11:27:03,929 [INFO] CodeEngine:255 - oldGeneratedFile, C:\Users\louib\.st_workbench\projects\Torque_Control\Src\stm32f3xx_hal_msp.c_save
2023-08-30 11:27:04,080 INFO  [LineInfo_to_exitCode.log_LineInfo] Generated code: C:\Users\louib\.st_workbench\projects\Torque_Control\Src\stm32f3xx_hal_msp.c
2023-08-30 11:27:04,087 DEBUG [LineInfo_to_exitCode.log_LineInfo] 2023-08-30 11:27:04,087 [INFO] CodeEngine:255 - oldGeneratedFile, C:\Users\louib\.st_workbench\projects\Torque_Control\MXTmpFiles\system.tmp_save
2023-08-30 11:27:04,176 DEBUG [LineInfo_to_exitCode.log_LineInfo] 2023-08-30 11:27:04,176 [INFO] CodeEngine:279 - Generated code: C:\Users\louib\.st_workbench\projects\Torque_Control\MXTmpFiles\system.tmp
2023-08-30 11:27:04,193 DEBUG [LineInfo_to_exitCode.log_LineInfo] 2023-08-30 11:27:04,193 [INFO] CodeEngine:311 - oldGeneratedFile, C:\Users\louib\.st_workbench\projects\Torque_Control\Inc\stm32f3xx_hal_conf.h_save
2023-08-30 11:27:04,268 INFO  [LineInfo_to_exitCode.log_LineInfo] Generated code: C:\Users\louib\.st_workbench\projects\Torque_Control\Inc\stm32f3xx_hal_conf.h
2023-08-30 11:27:04,351 DEBUG [LineInfo_to_exitCode.log_LineInfo] 2023-08-30 11:27:04,351 [INFO] CodeEngine:255 - oldGeneratedFile, C:\Users\louib\.st_workbench\projects\Torque_Control\Inc\main.h_save
2023-08-30 11:27:04,494 INFO  [LineInfo_to_exitCode.log_LineInfo] Generated code: C:\Users\louib\.st_workbench\projects\Torque_Control\Inc\main.h
2023-08-30 11:27:04,504 DEBUG [LineInfo_to_exitCode.log_LineInfo] 2023-08-30 11:27:04,504 [INFO] CodeEngine:255 - oldGeneratedFile, C:\Users\louib\.st_workbench\projects\Torque_Control\Src\main.c_save
2023-08-30 11:27:04,700 INFO  [LineInfo_to_exitCode.log_LineInfo] Generated code: C:\Users\louib\.st_workbench\projects\Torque_Control\Src\main.c
2023-08-30 11:27:06,430 DEBUG [LineInfo_to_exitCode.log_LineInfo] 2023-08-30 11:27:06,430 [INFO] ProjectBuilder:2996 - Time for Copy HAL[0] : 881mS.
2023-08-30 11:27:06,455 DEBUG [LineInfo_to_exitCode.log_LineInfo] 2023-08-30 11:27:06,454 [INFO] ProjectBuilder:4304 - Project Generator version: 3.19.2
2023-08-30 11:27:06,985 DEBUG [LineInfo_to_exitCode.log_LineInfo] 2023-08-30 11:27:06,984 [INFO] ConfigFileManager:1483 - The Die is : DIE439
2023-08-30 11:27:07,003 DEBUG [LineInfo_to_exitCode.log_LineInfo] 2023-08-30 11:27:07,002 [INFO] ApiDbMcu:507 - Load IP Config File for FATFS
2023-08-30 11:27:07,018 DEBUG [LineInfo_to_exitCode.log_LineInfo] 2023-08-30 11:27:07,017 [INFO] ApiDbMcu:507 - Load IP Config File for FREERTOS
2023-08-30 11:27:07,047 DEBUG [LineInfo_to_exitCode.log_LineInfo] 2023-08-30 11:27:07,046 [INFO] ApiDbMcu:507 - Load IP Config File for TOUCHSENSING
2023-08-30 11:27:07,067 DEBUG [LineInfo_to_exitCode.log_LineInfo] 2023-08-30 11:27:07,067 [INFO] ApiDbMcu:507 - Load IP Config File for USB_DEVICE
2023-08-30 11:27:21,284 DEBUG [LineInfo_to_exitCode.log_LineInfo] 2023-08-30 11:27:21,284 [INFO] ConfigFileManager:2717 - mx.scratch is deleted!
2023-08-30 11:27:21,284 DEBUG [LineInfo_to_exitCode.log_LineInfo] 2023-08-30 11:27:21,284 [INFO] ProjectBuilder:4505 - Time for Generating toolchain IDE Files: 14830mS.
2023-08-30 11:27:24,350 DEBUG [LineInfo_to_exitCode.log_LineInfo] 2023-08-30 11:27:24,350 [INFO] ProjectBuilder:2867 - Time for Copy CMSIS : 3066mS.
2023-08-30 11:27:25,171 DEBUG [LineInfo_to_exitCode.log_LineInfo] 2023-08-30 11:27:25,171 [INFO] ProjectBuilder:2867 - Time for Copy CMSIS : 816mS.
